Using pre-set license
Built from '2020.3/staging' branch; Version is '2020.3.4f1 (0abb6314276a) revision 703331'; Using compiler version '192528614'; Build Type 'Release'
OS: 'Windows 10 Pro; OS build 18363.1500; Version 1909; 64bit' Language: 'pt' Physical Memory: 3957 MB
BatchMode: 1, IsHumanControllingUs: 0, StartBugReporterOnCrash: 0, Is64bit: 1, IsPro: 0

 COMMAND LINE ARGUMENTS:
C:\Program Files\Unity\Hub\Editor\2020.3.4f1\Editor\Unity.exe
-adb2
-batchMode
-noUpm
-name
AssetImportWorker0
-projectPath
C:/Users/Jociele/Desktop/Projetos/Unity/Novo-Projeto/Survival
-logFile
Logs/AssetImportWorker0.log
-srvPort
64718
Successfully changed project path to: C:/Users/Jociele/Desktop/Projetos/Unity/Novo-Projeto/Survival
C:/Users/Jociele/Desktop/Projetos/Unity/Novo-Projeto/Survival
Using Asset Import Pipeline V2.
Refreshing native plugins compatible for Editor in 332.90 ms, found 1 plugins.
Preloading 0 native plugins for Editor in 0.00 ms.
Initialize engine version: 2020.3.4f1 (0abb6314276a)
[Subsystems] Discovering subsystems at path C:/Program Files/Unity/Hub/Editor/2020.3.4f1/Editor/Data/Resources/UnitySubsystems
[Subsystems] Discovering subsystems at path C:/Users/Jociele/Desktop/Projetos/Unity/Novo-Projeto/Survival/Assets
GfxDevice: creating device client; threaded=0
Direct3D:
    Version:  Direct3D 11.0 [level 11.1]
    Renderer: Intel(R) UHD Graphics 620 (ID=0x3ea0)
    Vendor:   
    VRAM:     1978 MB
    Driver:   26.20.100.7463
Shader 'Universal Render Pipeline/Particles/Lit': fallback shader 'Universal Render Pipeline/Particles/SimpleLit' not found
Initialize mono
Mono path[0] = 'C:/Program Files/Unity/Hub/Editor/2020.3.4f1/Editor/Data/Managed'
Mono path[1] = 'C:/Program Files/Unity/Hub/Editor/2020.3.4f1/Editor/Data/MonoBleedingEdge/lib/mono/unityjit'
Mono config path = 'C:/Program Files/Unity/Hub/Editor/2020.3.4f1/Editor/Data/MonoBleedingEdge/etc'
Using monoOptions --debugger-agent=transport=dt_socket,embedding=1,server=y,suspend=n,address=127.0.0.1:56832
Begin MonoManager ReloadAssembly
Registering precompiled unity dll's ...
Register platform support module: C:/Program Files/Unity/Hub/Editor/2020.3.4f1/Editor/Data/PlaybackEngines/WebGLSupport/UnityEditor.WebGL.Extensions.dll
Register platform support module: C:/Program Files/Unity/Hub/Editor/2020.3.4f1/Editor/Data/PlaybackEngines/WindowsStandaloneSupport/UnityEditor.WindowsStandalone.Extensions.dll
Registered in 0.007099 seconds.
Native extension for WindowsStandalone target not found
Native extension for WebGL target not found
Refreshing native plugins compatible for Editor in 137.18 ms, found 1 plugins.
Preloading 0 native plugins for Editor in 0.00 ms.
Mono: successfully reloaded assembly
- Completed reload, in 11.295 seconds
Platform modules already initialized, skipping
Registering precompiled user dll's ...
Registered in 0.016859 seconds.
Begin MonoManager ReloadAssembly
Native extension for WindowsStandalone target not found
Native extension for WebGL target not found
Refreshing native plugins compatible for Editor in 143.34 ms, found 1 plugins.
Preloading 0 native plugins for Editor in 0.00 ms.
Mono: successfully reloaded assembly
- Completed reload, in  2.439 seconds
Platform modules already initialized, skipping
========================================================================
Worker process is ready to serve import requests
Shader 'Universal Render Pipeline/Particles/Lit': fallback shader 'Universal Render Pipeline/Particles/SimpleLit' not found
Launched and connected shader compiler UnityShaderCompiler.exe after 0.08 seconds
Refreshing native plugins compatible for Editor in 0.83 ms, found 1 plugins.
Preloading 0 native plugins for Editor in 0.00 ms.
Unloading 2965 Unused Serialized files (Serialized files now loaded: 0)
System memory in use before: 130.7 MB.
System memory in use after: 130.9 MB.

Unloading 28 unused Assets to reduce memory usage. Loaded Objects now: 3409.
Total: 6.085000 ms (FindLiveObjects: 0.375200 ms CreateObjectMapping: 0.196700 ms MarkObjects: 5.231500 ms  DeleteObjects: 0.277800 ms)

========================================================================
Received Import Request.
  path: Assets/Prefabs/Avatar.prefab
  artifactKey: Guid(0f294070e0238fb4f885b9bbbd6ecd26) Importer(815301076,1909f56bfc062723c751e8b465ee728b)
Start importing Assets/Prefabs/Avatar.prefab using Guid(0f294070e0238fb4f885b9bbbd6ecd26) Importer(815301076,1909f56bfc062723c751e8b465ee728b)  -> (artifact id: 'c0a818f61f672e2f372121aa3af99007') in 0.575601 seconds
  Import took 0.587685 seconds .

========================================================================
Received Import Request.
  Time since last request: 22.099741 seconds.
  path: Assets/Prefabs/Avatar.prefab
  artifactKey: Guid(0f294070e0238fb4f885b9bbbd6ecd26) Importer(815301076,1909f56bfc062723c751e8b465ee728b)
Start importing Assets/Prefabs/Avatar.prefab using Guid(0f294070e0238fb4f885b9bbbd6ecd26) Importer(815301076,1909f56bfc062723c751e8b465ee728b)  -> (artifact id: '9a2a6113c12b52cd1f9b450018d9aa22') in 0.050683 seconds
  Import took 0.061396 seconds .

========================================================================
Received Import Request.
  Time since last request: 1.625667 seconds.
  path: Assets/Prefabs/Avatar.prefab
  artifactKey: Guid(0f294070e0238fb4f885b9bbbd6ecd26) Importer(815301076,1909f56bfc062723c751e8b465ee728b)
Start importing Assets/Prefabs/Avatar.prefab using Guid(0f294070e0238fb4f885b9bbbd6ecd26) Importer(815301076,1909f56bfc062723c751e8b465ee728b)  -> (artifact id: '37ac1a5b91bd91d12cc070b0bef5b556') in 0.047178 seconds
  Import took 0.058446 seconds .

========================================================================
Received Import Request.
  Time since last request: 0.754328 seconds.
  path: Assets/Prefabs/Avatar.prefab
  artifactKey: Guid(0f294070e0238fb4f885b9bbbd6ecd26) Importer(815301076,1909f56bfc062723c751e8b465ee728b)
Start importing Assets/Prefabs/Avatar.prefab using Guid(0f294070e0238fb4f885b9bbbd6ecd26) Importer(815301076,1909f56bfc062723c751e8b465ee728b)  -> (artifact id: '1a9acaa82ae7482f6bba08180bcb72d1') in 0.046510 seconds
  Import took 0.064823 seconds .

========================================================================
Received Import Request.
  Time since last request: 0.101575 seconds.
  path: Assets/Prefabs/Avatar.prefab
  artifactKey: Guid(0f294070e0238fb4f885b9bbbd6ecd26) Importer(815301076,1909f56bfc062723c751e8b465ee728b)
Start importing Assets/Prefabs/Avatar.prefab using Guid(0f294070e0238fb4f885b9bbbd6ecd26) Importer(815301076,1909f56bfc062723c751e8b465ee728b)  -> (artifact id: 'ad9ff4d9c827f8937fc5280db04d5cb2') in 0.035474 seconds
  Import took 0.048065 seconds .

========================================================================
Received Import Request.
  Time since last request: 0.014021 seconds.
  path: Assets/Prefabs/Avatar.prefab
  artifactKey: Guid(0f294070e0238fb4f885b9bbbd6ecd26) Importer(815301076,1909f56bfc062723c751e8b465ee728b)
Start importing Assets/Prefabs/Avatar.prefab using Guid(0f294070e0238fb4f885b9bbbd6ecd26) Importer(815301076,1909f56bfc062723c751e8b465ee728b)  -> (artifact id: 'ad9ff4d9c827f8937fc5280db04d5cb2') in 0.047103 seconds
  Import took 0.059927 seconds .

========================================================================
Received Import Request.
  Time since last request: 3.274195 seconds.
  path: Assets/Prefabs/Avatar.prefab
  artifactKey: Guid(0f294070e0238fb4f885b9bbbd6ecd26) Importer(815301076,1909f56bfc062723c751e8b465ee728b)
Start importing Assets/Prefabs/Avatar.prefab using Guid(0f294070e0238fb4f885b9bbbd6ecd26) Importer(815301076,1909f56bfc062723c751e8b465ee728b)  -> (artifact id: '0f926e260a5b93532f1a275d86763b3d') in 0.037547 seconds
  Import took 0.049339 seconds .

========================================================================
Received Import Request.
  Time since last request: 0.124370 seconds.
  path: Assets/Prefabs/Avatar.prefab
  artifactKey: Guid(0f294070e0238fb4f885b9bbbd6ecd26) Importer(815301076,1909f56bfc062723c751e8b465ee728b)
Start importing Assets/Prefabs/Avatar.prefab using Guid(0f294070e0238fb4f885b9bbbd6ecd26) Importer(815301076,1909f56bfc062723c751e8b465ee728b)  -> (artifact id: '3e5e5073f5101f741898d0376524cb3b') in 0.055884 seconds
  Import took 0.071588 seconds .

========================================================================
Received Import Request.
  Time since last request: 1.904624 seconds.
  path: Assets/Prefabs/Avatar.prefab
  artifactKey: Guid(0f294070e0238fb4f885b9bbbd6ecd26) Importer(815301076,1909f56bfc062723c751e8b465ee728b)
Start importing Assets/Prefabs/Avatar.prefab using Guid(0f294070e0238fb4f885b9bbbd6ecd26) Importer(815301076,1909f56bfc062723c751e8b465ee728b)  -> (artifact id: '40cde18a424b50efd60fa0d439abadb1') in 0.039718 seconds
  Import took 0.056311 seconds .

========================================================================
Received Import Request.
  Time since last request: 3.011118 seconds.
  path: Assets/Prefabs/Avatar.prefab
  artifactKey: Guid(0f294070e0238fb4f885b9bbbd6ecd26) Importer(815301076,1909f56bfc062723c751e8b465ee728b)
Start importing Assets/Prefabs/Avatar.prefab using Guid(0f294070e0238fb4f885b9bbbd6ecd26) Importer(815301076,1909f56bfc062723c751e8b465ee728b)  -> (artifact id: 'e2dcd0bf875a40534032310d8b90668a') in 0.040383 seconds
  Import took 0.052164 seconds .

========================================================================
Received Import Request.
  Time since last request: 0.193238 seconds.
  path: Assets/Prefabs/Avatar.prefab
  artifactKey: Guid(0f294070e0238fb4f885b9bbbd6ecd26) Importer(815301076,1909f56bfc062723c751e8b465ee728b)
Start importing Assets/Prefabs/Avatar.prefab using Guid(0f294070e0238fb4f885b9bbbd6ecd26) Importer(815301076,1909f56bfc062723c751e8b465ee728b)  -> (artifact id: '5c135bc274344f015be0e825e72b577d') in 0.032854 seconds
  Import took 0.042083 seconds .

========================================================================
Received Import Request.
  Time since last request: 3.555728 seconds.
  path: Assets/Prefabs/Avatar 1.controller
  artifactKey: Guid(33296da924453174c8cc7c2b007b891d) Importer(815301076,1909f56bfc062723c751e8b465ee728b)
Start importing Assets/Prefabs/Avatar 1.controller using Guid(33296da924453174c8cc7c2b007b891d) Importer(815301076,1909f56bfc062723c751e8b465ee728b)  -> (artifact id: 'f4f9ed151da8e2055f069541220e5c5c') in 0.029578 seconds
  Import took 0.041167 seconds .

========================================================================
Received Import Request.
  Time since last request: 303.747362 seconds.
  path: Assets/Sprites/Avatar.psb
  artifactKey: Guid(2c40678a958d58641b3c955d63ea931f) Importer(815301076,1909f56bfc062723c751e8b465ee728b)
Start importing Assets/Sprites/Avatar.psb using Guid(2c40678a958d58641b3c955d63ea931f) Importer(815301076,1909f56bfc062723c751e8b465ee728b)  -> (artifact id: '64554a9c6f14168d1a31b14e1c830b48') in 0.264913 seconds
  Import took 0.277464 seconds .

========================================================================
Received Import Request.
  Time since last request: 29.789917 seconds.
  path: Assets/Prefabs/Avatar.prefab
  artifactKey: Guid(0f294070e0238fb4f885b9bbbd6ecd26) Importer(815301076,1909f56bfc062723c751e8b465ee728b)
Start importing Assets/Prefabs/Avatar.prefab using Guid(0f294070e0238fb4f885b9bbbd6ecd26) Importer(815301076,1909f56bfc062723c751e8b465ee728b)  -> (artifact id: '78fbd7263f4e968ea1aab27507143e06') in 0.040305 seconds
  Import took 0.054741 seconds .

========================================================================
Received Prepare
Registering precompiled user dll's ...
Registered in 0.010704 seconds.
Begin MonoManager ReloadAssembly
Native extension for WindowsStandalone target not found
Native extension for WebGL target not found
Refreshing native plugins compatible for Editor in 0.83 ms, found 1 plugins.
Preloading 0 native plugins for Editor in 0.00 ms.
Mono: successfully reloaded assembly
- Completed reload, in  1.977 seconds
Platform modules already initialized, skipping
Shader 'Universal Render Pipeline/Particles/Lit': fallback shader 'Universal Render Pipeline/Particles/SimpleLit' not found
Refreshing native plugins compatible for Editor in 1.27 ms, found 1 plugins.
Preloading 0 native plugins for Editor in 0.00 ms.
Unloading 2851 Unused Serialized files (Serialized files now loaded: 0)
System memory in use before: 128.6 MB.
System memory in use after: 128.8 MB.

Unloading 16 unused Assets to reduce memory usage. Loaded Objects now: 3467.
Total: 6.809100 ms (FindLiveObjects: 0.643200 ms CreateObjectMapping: 0.289600 ms MarkObjects: 5.821300 ms  DeleteObjects: 0.051500 ms)

========================================================================
Received Import Request.
  Time since last request: 695.115311 seconds.
  path: Assets/Prefabs/Avatar.prefab
  artifactKey: Guid(0f294070e0238fb4f885b9bbbd6ecd26) Importer(815301076,1909f56bfc062723c751e8b465ee728b)
Start importing Assets/Prefabs/Avatar.prefab using Guid(0f294070e0238fb4f885b9bbbd6ecd26) Importer(815301076,1909f56bfc062723c751e8b465ee728b)  -> (artifact id: '897f3a84badf619da2fd531a01f7815f') in 0.325595 seconds
  Import took 0.339534 seconds .

========================================================================
Received Import Request.
  Time since last request: 62.018713 seconds.
  path: Assets/Sprites/Avatar.psb
  artifactKey: Guid(2c40678a958d58641b3c955d63ea931f) Importer(815301076,1909f56bfc062723c751e8b465ee728b)
Start importing Assets/Sprites/Avatar.psb using Guid(2c40678a958d58641b3c955d63ea931f) Importer(815301076,1909f56bfc062723c751e8b465ee728b)  -> (artifact id: 'b7ded955b67b244d89a7759d630de316') in 0.388045 seconds
  Import took 0.404594 seconds .

========================================================================
Received Import Request.
  Time since last request: 117.175824 seconds.
  path: Assets/Sprites/Avatar.psb
  artifactKey: Guid(2c40678a958d58641b3c955d63ea931f) Importer(815301076,1909f56bfc062723c751e8b465ee728b)
Start importing Assets/Sprites/Avatar.psb using Guid(2c40678a958d58641b3c955d63ea931f) Importer(815301076,1909f56bfc062723c751e8b465ee728b)  -> (artifact id: '3b7989424ddd6b33bd49995d906fff20') in 0.154002 seconds
  Import took 0.167737 seconds .

========================================================================
Received Prepare
Registering precompiled user dll's ...
Registered in 0.025133 seconds.
Begin MonoManager ReloadAssembly
Native extension for WindowsStandalone target not found
Native extension for WebGL target not found
Refreshing native plugins compatible for Editor in 0.90 ms, found 1 plugins.
Preloading 0 native plugins for Editor in 0.00 ms.
Mono: successfully reloaded assembly
- Completed reload, in  1.616 seconds
Platform modules already initialized, skipping
Shader 'Universal Render Pipeline/Particles/Lit': fallback shader 'Universal Render Pipeline/Particles/SimpleLit' not found
Refreshing native plugins compatible for Editor in 1.26 ms, found 1 plugins.
Preloading 0 native plugins for Editor in 0.00 ms.
Unloading 2851 Unused Serialized files (Serialized files now loaded: 0)
System memory in use before: 128.8 MB.
System memory in use after: 129.1 MB.

Unloading 16 unused Assets to reduce memory usage. Loaded Objects now: 3507.
Total: 4.541100 ms (FindLiveObjects: 0.484600 ms CreateObjectMapping: 0.163300 ms MarkObjects: 3.847100 ms  DeleteObjects: 0.043600 ms)

========================================================================
Received Import Request.
  Time since last request: 1171.720314 seconds.
  path: Assets/Prefabs/IdleRight.anim
  artifactKey: Guid(97ca8d0b00f46cb41af366a49a4bff81) Importer(815301076,1909f56bfc062723c751e8b465ee728b)
Start importing Assets/Prefabs/IdleRight.anim using Guid(97ca8d0b00f46cb41af366a49a4bff81) Importer(815301076,1909f56bfc062723c751e8b465ee728b)  -> (artifact id: 'e760386b68475b829a64bbed2d70e5f5') in 0.047585 seconds
  Import took 0.060823 seconds .

========================================================================
Received Import Request.
  Time since last request: 0.008504 seconds.
  path: Assets/Prefabs/IdleRight.anim
  artifactKey: Guid(97ca8d0b00f46cb41af366a49a4bff81) Importer(815301076,1909f56bfc062723c751e8b465ee728b)
Start importing Assets/Prefabs/IdleRight.anim using Guid(97ca8d0b00f46cb41af366a49a4bff81) Importer(815301076,1909f56bfc062723c751e8b465ee728b)  -> (artifact id: 'e760386b68475b829a64bbed2d70e5f5') in 0.010389 seconds
  Import took 0.021914 seconds .

========================================================================
Received Import Request.
  Time since last request: 5.675537 seconds.
  path: Assets/Prefabs/Idle.anim
  artifactKey: Guid(97ca8d0b00f46cb41af366a49a4bff81) Importer(815301076,1909f56bfc062723c751e8b465ee728b)
Start importing Assets/Prefabs/Idle.anim using Guid(97ca8d0b00f46cb41af366a49a4bff81) Importer(815301076,1909f56bfc062723c751e8b465ee728b)  -> (artifact id: '16fafe8be54c5a0e0ca971132420dfd5') in 0.031043 seconds
  Import took 0.041167 seconds .

========================================================================
Received Import Request.
  Time since last request: 1.178172 seconds.
  path: Assets/Prefabs/WalkRight.anim
  artifactKey: Guid(91ebb81c7d3d18444a6d23108cd0d6a2) Importer(815301076,1909f56bfc062723c751e8b465ee728b)
Start importing Assets/Prefabs/WalkRight.anim using Guid(91ebb81c7d3d18444a6d23108cd0d6a2) Importer(815301076,1909f56bfc062723c751e8b465ee728b)  -> (artifact id: 'a08387d86ccd187bcf9ddad4bcf3446d') in 0.045469 seconds
  Import took 0.088905 seconds .

========================================================================
Received Import Request.
  Time since last request: 4.829302 seconds.
  path: Assets/Prefabs/Run.anim
  artifactKey: Guid(91ebb81c7d3d18444a6d23108cd0d6a2) Importer(815301076,1909f56bfc062723c751e8b465ee728b)
Start importing Assets/Prefabs/Run.anim using Guid(91ebb81c7d3d18444a6d23108cd0d6a2) Importer(815301076,1909f56bfc062723c751e8b465ee728b)  -> (artifact id: 'df046063090d445f72c1491a4fa58a1a') in 0.019068 seconds
  Import took 0.030145 seconds .

========================================================================
Received Prepare
Registering precompiled user dll's ...
Registered in 0.017704 seconds.
Begin MonoManager ReloadAssembly
Native extension for WindowsStandalone target not found
Native extension for WebGL target not found
Refreshing native plugins compatible for Editor in 1.26 ms, found 1 plugins.
Preloading 0 native plugins for Editor in 0.00 ms.
Mono: successfully reloaded assembly
- Completed reload, in  3.021 seconds
Platform modules already initialized, skipping
Shader 'Universal Render Pipeline/Particles/Lit': fallback shader 'Universal Render Pipeline/Particles/SimpleLit' not found
Refreshing native plugins compatible for Editor in 1.09 ms, found 1 plugins.
Preloading 0 native plugins for Editor in 0.00 ms.
Unloading 2851 Unused Serialized files (Serialized files now loaded: 0)
System memory in use before: 128.9 MB.
System memory in use after: 129.1 MB.

Unloading 16 unused Assets to reduce memory usage. Loaded Objects now: 3511.
Total: 18.430800 ms (FindLiveObjects: 3.061000 ms CreateObjectMapping: 0.370000 ms MarkObjects: 14.712300 ms  DeleteObjects: 0.284800 ms)

========================================================================
Received Prepare
Registering precompiled user dll's ...
Registered in 0.009257 seconds.
Begin MonoManager ReloadAssembly
Native extension for WindowsStandalone target not found
Native extension for WebGL target not found
Refreshing native plugins compatible for Editor in 1.26 ms, found 1 plugins.
Preloading 0 native plugins for Editor in 0.00 ms.
Mono: successfully reloaded assembly
- Completed reload, in  1.327 seconds
Platform modules already initialized, skipping
Shader 'Universal Render Pipeline/Particles/Lit': fallback shader 'Universal Render Pipeline/Particles/SimpleLit' not found
Refreshing native plugins compatible for Editor in 0.59 ms, found 1 plugins.
Preloading 0 native plugins for Editor in 0.00 ms.
Unloading 2851 Unused Serialized files (Serialized files now loaded: 0)
System memory in use before: 128.9 MB.
System memory in use after: 129.1 MB.

Unloading 16 unused Assets to reduce memory usage. Loaded Objects now: 3515.
Total: 3.421600 ms (FindLiveObjects: 0.381400 ms CreateObjectMapping: 0.176000 ms MarkObjects: 2.825000 ms  DeleteObjects: 0.037700 ms)

