Using pre-set license
Built from '2020.3/staging' branch; Version is '2020.3.4f1 (0abb6314276a) revision 703331'; Using compiler version '192528614'; Build Type 'Release'
OS: 'Windows 10 Pro; OS build 18363.1440; Version 1909; 64bit' Language: 'pt' Physical Memory: 3993 MB
BatchMode: 1, IsHumanControllingUs: 0, StartBugReporterOnCrash: 0, Is64bit: 1, IsPro: 0

 COMMAND LINE ARGUMENTS:
C:\Program Files\Unity\Hub\Editor\2020.3.4f1\Editor\Unity.exe
-adb2
-batchMode
-noUpm
-name
AssetImportWorker0
-projectPath
C:/Users/eduar/OneDrive/Área de Trabalho/Projetos/Unity/Novo Projeto/Novo-Projeto/Survival
-logFile
Logs/AssetImportWorker0.log
-srvPort
51049
Successfully changed project path to: C:/Users/eduar/OneDrive/Área de Trabalho/Projetos/Unity/Novo Projeto/Novo-Projeto/Survival
C:/Users/eduar/OneDrive/Área de Trabalho/Projetos/Unity/Novo Projeto/Novo-Projeto/Survival
Using Asset Import Pipeline V2.
Refreshing native plugins compatible for Editor in 104.81 ms, found 1 plugins.
Preloading 0 native plugins for Editor in 0.00 ms.
Initialize engine version: 2020.3.4f1 (0abb6314276a)
[Subsystems] Discovering subsystems at path C:/Program Files/Unity/Hub/Editor/2020.3.4f1/Editor/Data/Resources/UnitySubsystems
[Subsystems] Discovering subsystems at path C:/Users/eduar/OneDrive/Área de Trabalho/Projetos/Unity/Novo Projeto/Novo-Projeto/Survival/Assets
GfxDevice: creating device client; threaded=0
Direct3D:
    Version:  Direct3D 11.0 [level 11.0]
    Renderer: NVIDIA GeForce GT 730M (ID=0xfe1)
    Vendor:   
    VRAM:     2007 MB
    Driver:   25.21.14.2531
Initialize mono
Mono path[0] = 'C:/Program Files/Unity/Hub/Editor/2020.3.4f1/Editor/Data/Managed'
Mono path[1] = 'C:/Program Files/Unity/Hub/Editor/2020.3.4f1/Editor/Data/MonoBleedingEdge/lib/mono/unityjit'
Mono config path = 'C:/Program Files/Unity/Hub/Editor/2020.3.4f1/Editor/Data/MonoBleedingEdge/etc'
Using monoOptions --debugger-agent=transport=dt_socket,embedding=1,server=y,suspend=n,address=127.0.0.1:56864
Begin MonoManager ReloadAssembly
Registering precompiled unity dll's ...
Register platform support module: C:/Program Files/Unity/Hub/Editor/2020.3.4f1/Editor/Data/PlaybackEngines/WindowsStandaloneSupport/UnityEditor.WindowsStandalone.Extensions.dll
Registered in 0.006901 seconds.
Native extension for WindowsStandalone target not found
Refreshing native plugins compatible for Editor in 87.62 ms, found 1 plugins.
Preloading 0 native plugins for Editor in 0.00 ms.
Mono: successfully reloaded assembly
- Completed reload, in  7.103 seconds
Platform modules already initialized, skipping
Registering precompiled user dll's ...
Registered in 0.008626 seconds.
Begin MonoManager ReloadAssembly
Native extension for WindowsStandalone target not found
Refreshing native plugins compatible for Editor in 83.76 ms, found 1 plugins.
Preloading 0 native plugins for Editor in 0.00 ms.
Mono: successfully reloaded assembly
- Completed reload, in  1.983 seconds
Platform modules already initialized, skipping
========================================================================
Worker process is ready to serve import requests
Launched and connected shader compiler UnityShaderCompiler.exe after 0.10 seconds
Refreshing native plugins compatible for Editor in 0.53 ms, found 1 plugins.
Preloading 0 native plugins for Editor in 0.00 ms.
Unloading 1891 Unused Serialized files (Serialized files now loaded: 0)
System memory in use before: 87.7 MB.
System memory in use after: 87.7 MB.

Unloading 30 unused Assets to reduce memory usage. Loaded Objects now: 2334.
Total: 3.861400 ms (FindLiveObjects: 0.403300 ms CreateObjectMapping: 0.132400 ms MarkObjects: 3.164500 ms  DeleteObjects: 0.158800 ms)

========================================================================
Received Import Request.
  path: Assets/Unity Technologies/2D Animation
  artifactKey: Guid(ec6d0edd4b058420cad793631ef9b9eb) Importer(815301076,1909f56bfc062723c751e8b465ee728b)
Start importing Assets/Unity Technologies/2D Animation using Guid(ec6d0edd4b058420cad793631ef9b9eb) Importer(815301076,1909f56bfc062723c751e8b465ee728b)  -> (artifact id: '3ae6d996d55a0c43f8b62444bbba67bb') in 0.014660 seconds
  Import took 0.020913 seconds .

========================================================================
Received Import Request.
  Time since last request: 0.001216 seconds.
  path: Assets/Unity Technologies/2D Animation/Samples/_Scenes
  artifactKey: Guid(0d7b9bed5eeb443ab9234dca16ba63a5) Importer(815301076,1909f56bfc062723c751e8b465ee728b)
Start importing Assets/Unity Technologies/2D Animation/Samples/_Scenes using Guid(0d7b9bed5eeb443ab9234dca16ba63a5) Importer(815301076,1909f56bfc062723c751e8b465ee728b)  -> (artifact id: 'bb8790796647e5f6562c2492c4543e99') in 0.010440 seconds
  Import took 0.015728 seconds .

========================================================================
Received Import Request.
  Time since last request: 0.000250 seconds.
  path: Assets/Unity Technologies/2D Animation/Samples/_Scenes/01 Character Rigged.unity
  artifactKey: Guid(97632b0a1b752ca4f9041c792fac7346) Importer(815301076,1909f56bfc062723c751e8b465ee728b)
Start importing Assets/Unity Technologies/2D Animation/Samples/_Scenes/01 Character Rigged.unity using Guid(97632b0a1b752ca4f9041c792fac7346) Importer(815301076,1909f56bfc062723c751e8b465ee728b)  -> (artifact id: '0a144b1d5cff91ee25b7005b7b6f19ea') in 0.032973 seconds
  Import took 0.037982 seconds .

========================================================================
Received Import Request.
  Time since last request: 0.000299 seconds.
  path: Assets/Unity Technologies/2D Animation/Samples
  artifactKey: Guid(c786e60c914744975bf64878af7c05ee) Importer(815301076,1909f56bfc062723c751e8b465ee728b)
Start importing Assets/Unity Technologies/2D Animation/Samples using Guid(c786e60c914744975bf64878af7c05ee) Importer(815301076,1909f56bfc062723c751e8b465ee728b)  -> (artifact id: '07e75ad5d969a7c276cb9a9a4f4f7480') in 0.017085 seconds
  Import took 0.026564 seconds .

========================================================================
Received Import Request.
  Time since last request: 223.308736 seconds.
  path: Assets/Samples/2D Animation
  artifactKey: Guid(4fdff98e30ec13849bef56dec798a964) Importer(815301076,1909f56bfc062723c751e8b465ee728b)
Start importing Assets/Samples/2D Animation using Guid(4fdff98e30ec13849bef56dec798a964) Importer(815301076,1909f56bfc062723c751e8b465ee728b)  -> (artifact id: '150908d7f4c8eb728620228b80d2adf3') in 0.007290 seconds
  Import took 0.014168 seconds .

========================================================================
Received Import Request.
  Time since last request: 0.590872 seconds.
  path: Assets/Samples/2D Animation/5.0.4
  artifactKey: Guid(716769a0bac952f4d98010855f6bc2e7) Importer(815301076,1909f56bfc062723c751e8b465ee728b)
Start importing Assets/Samples/2D Animation/5.0.4 using Guid(716769a0bac952f4d98010855f6bc2e7) Importer(815301076,1909f56bfc062723c751e8b465ee728b)  -> (artifact id: '50a793543438b81cccb6e34df47e91f5') in 0.025635 seconds
  Import took 0.032346 seconds .

========================================================================
Received Import Request.
  Time since last request: 0.537233 seconds.
  path: Assets/Samples/2D Animation/5.0.4/Samples
  artifactKey: Guid(a8b18f1ec59622d41875c8e64c0de20a) Importer(815301076,1909f56bfc062723c751e8b465ee728b)
Start importing Assets/Samples/2D Animation/5.0.4/Samples using Guid(a8b18f1ec59622d41875c8e64c0de20a) Importer(815301076,1909f56bfc062723c751e8b465ee728b)  -> (artifact id: '0f8f9ebc809444a69424b3e78fdd6db3') in 0.008380 seconds
  Import took 0.013971 seconds .

========================================================================
Received Import Request.
  Time since last request: 2.161414 seconds.
  path: Assets/Samples/2D Animation/5.0.4/Samples/1 Simple
  artifactKey: Guid(b0fec17e40a4f054ca640cf23fa20f51) Importer(815301076,1909f56bfc062723c751e8b465ee728b)
Start importing Assets/Samples/2D Animation/5.0.4/Samples/1 Simple using Guid(b0fec17e40a4f054ca640cf23fa20f51) Importer(815301076,1909f56bfc062723c751e8b465ee728b)  -> (artifact id: '4c97eb03477187c7c1c6bbddd64da0dc') in 0.039596 seconds
  Import took 0.044803 seconds .

========================================================================
Received Import Request.
  Time since last request: 1.282145 seconds.
  path: Assets/Samples/2D Animation/5.0.4/Samples/1 Simple/Animation
  artifactKey: Guid(2b45b80d139d1422abacea75147884c7) Importer(815301076,1909f56bfc062723c751e8b465ee728b)
Start importing Assets/Samples/2D Animation/5.0.4/Samples/1 Simple/Animation using Guid(2b45b80d139d1422abacea75147884c7) Importer(815301076,1909f56bfc062723c751e8b465ee728b)  -> (artifact id: 'c2f5f38bed9902b85b66de65666fce57') in 0.018567 seconds
  Import took 0.033903 seconds .

========================================================================
Received Import Request.
  Time since last request: 0.629726 seconds.
  path: Assets/Samples/2D Animation/5.0.4/Samples/1 Simple/Animation/Animators
  artifactKey: Guid(b6a8273287dcd445ea27e90a94ce92f6) Importer(815301076,1909f56bfc062723c751e8b465ee728b)
Start importing Assets/Samples/2D Animation/5.0.4/Samples/1 Simple/Animation/Animators using Guid(b6a8273287dcd445ea27e90a94ce92f6) Importer(815301076,1909f56bfc062723c751e8b465ee728b)  -> (artifact id: '64f90cbaee810987d3b8b18c1b09196b') in 0.014778 seconds
  Import took 0.020919 seconds .

========================================================================
Received Import Request.
  Time since last request: 3.819228 seconds.
  path: Assets/Samples/2D Animation/5.0.4/Samples/1 Simple/Animation/Clips
  artifactKey: Guid(38bc32ca756e3405d8cd6632c8319659) Importer(815301076,1909f56bfc062723c751e8b465ee728b)
Start importing Assets/Samples/2D Animation/5.0.4/Samples/1 Simple/Animation/Clips using Guid(38bc32ca756e3405d8cd6632c8319659) Importer(815301076,1909f56bfc062723c751e8b465ee728b)  -> (artifact id: 'a4da1d34ea5ecc1f60c6dc3e2294b910') in 0.026170 seconds
  Import took 0.032612 seconds .

========================================================================
Received Import Request.
  Time since last request: 1.233351 seconds.
  path: Assets/Samples/2D Animation/5.0.4/Samples/1 Simple/Animation/Clips/Boris Animation.anim
  artifactKey: Guid(01e67f8d86419418d8026a727ad65e0e) Importer(815301076,1909f56bfc062723c751e8b465ee728b)
Start importing Assets/Samples/2D Animation/5.0.4/Samples/1 Simple/Animation/Clips/Boris Animation.anim using Guid(01e67f8d86419418d8026a727ad65e0e) Importer(815301076,1909f56bfc062723c751e8b465ee728b)  -> (artifact id: 'b12a68ed43b9a196cf5c8742b3a7231c') in 0.065566 seconds
  Import took 0.071124 seconds .

========================================================================
Received Import Request.
  Time since last request: 0.004241 seconds.
  path: Assets/Samples/2D Animation/5.0.4/Samples/1 Simple/Animation/Clips/Boris Animation.anim
  artifactKey: Guid(01e67f8d86419418d8026a727ad65e0e) Importer(815301076,1909f56bfc062723c751e8b465ee728b)
Start importing Assets/Samples/2D Animation/5.0.4/Samples/1 Simple/Animation/Clips/Boris Animation.anim using Guid(01e67f8d86419418d8026a727ad65e0e) Importer(815301076,1909f56bfc062723c751e8b465ee728b)  -> (artifact id: 'b12a68ed43b9a196cf5c8742b3a7231c') in 0.020460 seconds
  Import took 0.026880 seconds .

========================================================================
Received Import Request.
  Time since last request: 3.221430 seconds.
  path: Assets/Samples/2D Animation/5.0.4/Samples/1 Simple/Sprites/Boris.png
  artifactKey: Guid(5258496a2625b4729b9f47415dcf6055) Importer(815301076,1909f56bfc062723c751e8b465ee728b)
Start importing Assets/Samples/2D Animation/5.0.4/Samples/1 Simple/Sprites/Boris.png using Guid(5258496a2625b4729b9f47415dcf6055) Importer(815301076,1909f56bfc062723c751e8b465ee728b)  -> (artifact id: '88795a358ee3cc36bc89ca76060b27c9') in 0.193738 seconds
  Import took 0.200228 seconds .

========================================================================
Received Import Request.
  Time since last request: 347.608813 seconds.
  path: Assets/Sprites/AvatarSingle.png
  artifactKey: Guid(cdb84ed671c16ea468299e621a0c4608) Importer(815301076,1909f56bfc062723c751e8b465ee728b)
Start importing Assets/Sprites/AvatarSingle.png using Guid(cdb84ed671c16ea468299e621a0c4608) Importer(815301076,1909f56bfc062723c751e8b465ee728b)  -> (artifact id: 'd6e91c7ebc245f19d7373937221cdb8a') in 0.039610 seconds
  Import took 0.046357 seconds .

========================================================================
Received Import Request.
  Time since last request: 12.777882 seconds.
  path: Assets/Sprites/AvatarSingle.png
  artifactKey: Guid(cdb84ed671c16ea468299e621a0c4608) Importer(815301076,1909f56bfc062723c751e8b465ee728b)
Start importing Assets/Sprites/AvatarSingle.png using Guid(cdb84ed671c16ea468299e621a0c4608) Importer(815301076,1909f56bfc062723c751e8b465ee728b)  -> (artifact id: 'da9019227aaa8be34638ae680d8c304e') in 0.044070 seconds
  Import took 0.051117 seconds .

========================================================================
Received Import Request.
  Time since last request: 0.023488 seconds.
  path: Assets/Sprites/AvatarSingle.png
  artifactKey: Guid(cdb84ed671c16ea468299e621a0c4608) Importer(815301076,1909f56bfc062723c751e8b465ee728b)
Start importing Assets/Sprites/AvatarSingle.png using Guid(cdb84ed671c16ea468299e621a0c4608) Importer(815301076,1909f56bfc062723c751e8b465ee728b)  -> (artifact id: 'da9019227aaa8be34638ae680d8c304e') in 0.037293 seconds
  Import took 0.044291 seconds .

AssetImportWorkerClient::OnTransportError - code=2 error=End of file
