Using pre-set license
Built from '2020.3/staging' branch; Version is '2020.3.4f1 (0abb6314276a) revision 703331'; Using compiler version '192528614'; Build Type 'Release'
OS: 'Windows 10 Pro; OS build 18363.1440; Version 1909; 64bit' Language: 'pt' Physical Memory: 3993 MB
BatchMode: 1, IsHumanControllingUs: 0, StartBugReporterOnCrash: 0, Is64bit: 1, IsPro: 0

 COMMAND LINE ARGUMENTS:
C:\Program Files\Unity\Hub\Editor\2020.3.4f1\Editor\Unity.exe
-adb2
-batchMode
-noUpm
-name
AssetImportWorker2
-projectPath
C:/Users/eduar/OneDrive/Área de Trabalho/Projetos/Unity/Novo Projeto/Novo-Projeto/Survival
-logFile
Logs/AssetImportWorker2.log
-srvPort
55894
Successfully changed project path to: C:/Users/eduar/OneDrive/Área de Trabalho/Projetos/Unity/Novo Projeto/Novo-Projeto/Survival
C:/Users/eduar/OneDrive/Área de Trabalho/Projetos/Unity/Novo Projeto/Novo-Projeto/Survival
Using Asset Import Pipeline V2.
Refreshing native plugins compatible for Editor in 192.04 ms, found 1 plugins.
Preloading 0 native plugins for Editor in 0.00 ms.
Initialize engine version: 2020.3.4f1 (0abb6314276a)
[Subsystems] Discovering subsystems at path C:/Program Files/Unity/Hub/Editor/2020.3.4f1/Editor/Data/Resources/UnitySubsystems
[Subsystems] Discovering subsystems at path C:/Users/eduar/OneDrive/Área de Trabalho/Projetos/Unity/Novo Projeto/Novo-Projeto/Survival/Assets
GfxDevice: creating device client; threaded=0
Direct3D:
    Version:  Direct3D 11.0 [level 11.0]
    Renderer: NVIDIA GeForce GT 730M (ID=0xfe1)
    Vendor:   
    VRAM:     2007 MB
    Driver:   25.21.14.2531
Shader 'Universal Render Pipeline/Particles/Lit': fallback shader 'Universal Render Pipeline/Particles/SimpleLit' not found
Initialize mono
Mono path[0] = 'C:/Program Files/Unity/Hub/Editor/2020.3.4f1/Editor/Data/Managed'
Mono path[1] = 'C:/Program Files/Unity/Hub/Editor/2020.3.4f1/Editor/Data/MonoBleedingEdge/lib/mono/unityjit'
Mono config path = 'C:/Program Files/Unity/Hub/Editor/2020.3.4f1/Editor/Data/MonoBleedingEdge/etc'
Using monoOptions --debugger-agent=transport=dt_socket,embedding=1,server=y,suspend=n,address=127.0.0.1:56232
Begin MonoManager ReloadAssembly
Registering precompiled unity dll's ...
Register platform support module: C:/Program Files/Unity/Hub/Editor/2020.3.4f1/Editor/Data/PlaybackEngines/WindowsStandaloneSupport/UnityEditor.WindowsStandalone.Extensions.dll
Registered in 0.003102 seconds.
Native extension for WindowsStandalone target not found
Refreshing native plugins compatible for Editor in 105.45 ms, found 1 plugins.
Preloading 0 native plugins for Editor in 0.00 ms.
Mono: successfully reloaded assembly
- Completed reload, in  1.813 seconds
Platform modules already initialized, skipping
Registering precompiled user dll's ...
Registered in 0.009814 seconds.
Begin MonoManager ReloadAssembly
Native extension for WindowsStandalone target not found
Refreshing native plugins compatible for Editor in 130.17 ms, found 1 plugins.
Preloading 0 native plugins for Editor in 0.00 ms.
Refreshing native plugins compatible for Editor in 0.82 ms, found 1 plugins.
Mono: successfully reloaded assembly
- Completed reload, in  4.933 seconds
Platform modules already initialized, skipping
========================================================================
Worker process is ready to serve import requests
Shader 'Universal Render Pipeline/Particles/Lit': fallback shader 'Universal Render Pipeline/Particles/SimpleLit' not found
Launched and connected shader compiler UnityShaderCompiler.exe after 0.27 seconds
Refreshing native plugins compatible for Editor in 1.37 ms, found 1 plugins.
Preloading 0 native plugins for Editor in 0.00 ms.
Unloading 3219 Unused Serialized files (Serialized files now loaded: 0)
System memory in use before: 146.8 MB.
System memory in use after: 147.0 MB.

Unloading 31 unused Assets to reduce memory usage. Loaded Objects now: 3662.
Total: 17.137900 ms (FindLiveObjects: 0.952600 ms CreateObjectMapping: 0.468300 ms MarkObjects: 14.528300 ms  DeleteObjects: 1.185100 ms)

========================================================================
Received Import Request.
  path: Assets/EnemyAnim.cs
  artifactKey: Guid(e6855e66ca74d5d4591a5e0520840b53) Importer(815301076,1909f56bfc062723c751e8b465ee728b)
Start importing Assets/EnemyAnim.cs using Guid(e6855e66ca74d5d4591a5e0520840b53) Importer(815301076,1909f56bfc062723c751e8b465ee728b)  -> (artifact id: 'c530074e97504eed2f46358317c0f5e3') in 0.080988 seconds
  Import took 0.094190 seconds .

========================================================================
Received Prepare
Registering precompiled user dll's ...
Registered in 0.010704 seconds.
Begin MonoManager ReloadAssembly
Native extension for WindowsStandalone target not found
Refreshing native plugins compatible for Editor in 0.80 ms, found 1 plugins.
Preloading 0 native plugins for Editor in 0.00 ms.
Mono: successfully reloaded assembly
- Completed reload, in  1.919 seconds
Platform modules already initialized, skipping
Shader 'Universal Render Pipeline/Particles/Lit': fallback shader 'Universal Render Pipeline/Particles/SimpleLit' not found
Refreshing native plugins compatible for Editor in 0.98 ms, found 1 plugins.
Preloading 0 native plugins for Editor in 0.00 ms.
Unloading 3102 Unused Serialized files (Serialized files now loaded: 0)
System memory in use before: 139.1 MB.
System memory in use after: 139.3 MB.

Unloading 19 unused Assets to reduce memory usage. Loaded Objects now: 3666.
Total: 4.448300 ms (FindLiveObjects: 0.472300 ms CreateObjectMapping: 0.275700 ms MarkObjects: 3.608300 ms  DeleteObjects: 0.090200 ms)

========================================================================
Received Prepare
Registering precompiled user dll's ...
Registered in 0.010044 seconds.
Begin MonoManager ReloadAssembly
Native extension for WindowsStandalone target not found
Refreshing native plugins compatible for Editor in 1.00 ms, found 1 plugins.
Preloading 0 native plugins for Editor in 0.00 ms.
Mono: successfully reloaded assembly
- Completed reload, in  1.944 seconds
Platform modules already initialized, skipping
Shader 'Universal Render Pipeline/Particles/Lit': fallback shader 'Universal Render Pipeline/Particles/SimpleLit' not found
Refreshing native plugins compatible for Editor in 1.51 ms, found 1 plugins.
Preloading 0 native plugins for Editor in 0.00 ms.
Unloading 3102 Unused Serialized files (Serialized files now loaded: 0)
System memory in use before: 139.1 MB.
System memory in use after: 139.3 MB.

Unloading 19 unused Assets to reduce memory usage. Loaded Objects now: 3670.
Total: 4.394100 ms (FindLiveObjects: 0.340700 ms CreateObjectMapping: 0.263000 ms MarkObjects: 3.693500 ms  DeleteObjects: 0.095200 ms)

========================================================================
Received Prepare
Registering precompiled user dll's ...
Registered in 0.015343 seconds.
Begin MonoManager ReloadAssembly
Native extension for WindowsStandalone target not found
Refreshing native plugins compatible for Editor in 0.82 ms, found 1 plugins.
Preloading 0 native plugins for Editor in 0.00 ms.
Mono: successfully reloaded assembly
- Completed reload, in  1.805 seconds
Platform modules already initialized, skipping
Shader 'Universal Render Pipeline/Particles/Lit': fallback shader 'Universal Render Pipeline/Particles/SimpleLit' not found
Refreshing native plugins compatible for Editor in 0.85 ms, found 1 plugins.
Preloading 0 native plugins for Editor in 0.00 ms.
Unloading 3102 Unused Serialized files (Serialized files now loaded: 0)
System memory in use before: 139.2 MB.
System memory in use after: 139.4 MB.

Unloading 19 unused Assets to reduce memory usage. Loaded Objects now: 3674.
Total: 4.596500 ms (FindLiveObjects: 0.852400 ms CreateObjectMapping: 0.374300 ms MarkObjects: 3.248200 ms  DeleteObjects: 0.119200 ms)

========================================================================
Received Prepare
Registering precompiled user dll's ...
Registered in 0.010296 seconds.
Begin MonoManager ReloadAssembly
Native extension for WindowsStandalone target not found
Refreshing native plugins compatible for Editor in 0.81 ms, found 1 plugins.
Preloading 0 native plugins for Editor in 0.00 ms.
Mono: successfully reloaded assembly
- Completed reload, in  1.850 seconds
Platform modules already initialized, skipping
Shader 'Universal Render Pipeline/Particles/Lit': fallback shader 'Universal Render Pipeline/Particles/SimpleLit' not found
Refreshing native plugins compatible for Editor in 0.91 ms, found 1 plugins.
Preloading 0 native plugins for Editor in 0.00 ms.
Unloading 3102 Unused Serialized files (Serialized files now loaded: 0)
System memory in use before: 139.2 MB.
System memory in use after: 139.4 MB.

Unloading 19 unused Assets to reduce memory usage. Loaded Objects now: 3678.
Total: 5.026300 ms (FindLiveObjects: 0.554100 ms CreateObjectMapping: 0.185100 ms MarkObjects: 4.156200 ms  DeleteObjects: 0.127800 ms)

========================================================================
Received Prepare
Registering precompiled user dll's ...
Registered in 0.009565 seconds.
Begin MonoManager ReloadAssembly
Native extension for WindowsStandalone target not found
Refreshing native plugins compatible for Editor in 0.86 ms, found 1 plugins.
Preloading 0 native plugins for Editor in 0.00 ms.
Mono: successfully reloaded assembly
- Completed reload, in  1.842 seconds
Platform modules already initialized, skipping
Shader 'Universal Render Pipeline/Particles/Lit': fallback shader 'Universal Render Pipeline/Particles/SimpleLit' not found
Refreshing native plugins compatible for Editor in 0.88 ms, found 1 plugins.
Preloading 0 native plugins for Editor in 0.00 ms.
Unloading 3102 Unused Serialized files (Serialized files now loaded: 0)
System memory in use before: 139.2 MB.
System memory in use after: 139.4 MB.

Unloading 19 unused Assets to reduce memory usage. Loaded Objects now: 3682.
Total: 4.577600 ms (FindLiveObjects: 0.547400 ms CreateObjectMapping: 0.382500 ms MarkObjects: 3.549500 ms  DeleteObjects: 0.096100 ms)

========================================================================
Received Prepare
Registering precompiled user dll's ...
Registered in 0.009614 seconds.
Begin MonoManager ReloadAssembly
Native extension for WindowsStandalone target not found
Refreshing native plugins compatible for Editor in 0.99 ms, found 1 plugins.
Preloading 0 native plugins for Editor in 0.00 ms.
Mono: successfully reloaded assembly
- Completed reload, in  1.756 seconds
Platform modules already initialized, skipping
Shader 'Universal Render Pipeline/Particles/Lit': fallback shader 'Universal Render Pipeline/Particles/SimpleLit' not found
Refreshing native plugins compatible for Editor in 1.29 ms, found 1 plugins.
Preloading 0 native plugins for Editor in 0.00 ms.
Unloading 3102 Unused Serialized files (Serialized files now loaded: 0)
System memory in use before: 139.2 MB.
System memory in use after: 139.4 MB.

Unloading 19 unused Assets to reduce memory usage. Loaded Objects now: 3686.
Total: 4.296200 ms (FindLiveObjects: 0.437200 ms CreateObjectMapping: 0.183500 ms MarkObjects: 3.582700 ms  DeleteObjects: 0.089800 ms)

========================================================================
Received Prepare
Registering precompiled user dll's ...
Registered in 0.010525 seconds.
Begin MonoManager ReloadAssembly
Native extension for WindowsStandalone target not found
Refreshing native plugins compatible for Editor in 0.82 ms, found 1 plugins.
Preloading 0 native plugins for Editor in 0.00 ms.
Mono: successfully reloaded assembly
- Completed reload, in  2.025 seconds
Platform modules already initialized, skipping
Shader 'Universal Render Pipeline/Particles/Lit': fallback shader 'Universal Render Pipeline/Particles/SimpleLit' not found
Refreshing native plugins compatible for Editor in 1.27 ms, found 1 plugins.
Preloading 0 native plugins for Editor in 0.00 ms.
Unloading 3102 Unused Serialized files (Serialized files now loaded: 0)
System memory in use before: 139.2 MB.
System memory in use after: 139.4 MB.

Unloading 19 unused Assets to reduce memory usage. Loaded Objects now: 3690.
Total: 4.634900 ms (FindLiveObjects: 0.510400 ms CreateObjectMapping: 0.407700 ms MarkObjects: 3.626100 ms  DeleteObjects: 0.088900 ms)

========================================================================
Received Prepare
Registering precompiled user dll's ...
Registered in 0.009628 seconds.
Begin MonoManager ReloadAssembly
Native extension for WindowsStandalone target not found
Refreshing native plugins compatible for Editor in 0.78 ms, found 1 plugins.
Preloading 0 native plugins for Editor in 0.00 ms.
Mono: successfully reloaded assembly
- Completed reload, in  1.696 seconds
Platform modules already initialized, skipping
Shader 'Universal Render Pipeline/Particles/Lit': fallback shader 'Universal Render Pipeline/Particles/SimpleLit' not found
Refreshing native plugins compatible for Editor in 0.87 ms, found 1 plugins.
Preloading 0 native plugins for Editor in 0.00 ms.
Unloading 3102 Unused Serialized files (Serialized files now loaded: 0)
System memory in use before: 139.2 MB.
System memory in use after: 139.4 MB.

Unloading 19 unused Assets to reduce memory usage. Loaded Objects now: 3694.
Total: 3.902300 ms (FindLiveObjects: 0.310900 ms CreateObjectMapping: 0.178200 ms MarkObjects: 3.320100 ms  DeleteObjects: 0.090400 ms)

========================================================================
Received Prepare
Registering precompiled user dll's ...
Registered in 0.010697 seconds.
Begin MonoManager ReloadAssembly
Native extension for WindowsStandalone target not found
Refreshing native plugins compatible for Editor in 0.86 ms, found 1 plugins.
Preloading 0 native plugins for Editor in 0.00 ms.
Mono: successfully reloaded assembly
- Completed reload, in  1.925 seconds
Platform modules already initialized, skipping
Shader 'Universal Render Pipeline/Particles/Lit': fallback shader 'Universal Render Pipeline/Particles/SimpleLit' not found
Refreshing native plugins compatible for Editor in 0.86 ms, found 1 plugins.
Preloading 0 native plugins for Editor in 0.00 ms.
Unloading 3102 Unused Serialized files (Serialized files now loaded: 0)
System memory in use before: 139.2 MB.
System memory in use after: 139.4 MB.

Unloading 19 unused Assets to reduce memory usage. Loaded Objects now: 3698.
Total: 4.957100 ms (FindLiveObjects: 0.575200 ms CreateObjectMapping: 0.372000 ms MarkObjects: 3.877900 ms  DeleteObjects: 0.129100 ms)

========================================================================
Received Prepare
Registering precompiled user dll's ...
Registered in 0.011427 seconds.
Begin MonoManager ReloadAssembly
Native extension for WindowsStandalone target not found
Refreshing native plugins compatible for Editor in 0.82 ms, found 1 plugins.
Preloading 0 native plugins for Editor in 0.00 ms.
Mono: successfully reloaded assembly
- Completed reload, in  1.740 seconds
Platform modules already initialized, skipping
Shader 'Universal Render Pipeline/Particles/Lit': fallback shader 'Universal Render Pipeline/Particles/SimpleLit' not found
Refreshing native plugins compatible for Editor in 0.84 ms, found 1 plugins.
Preloading 0 native plugins for Editor in 0.00 ms.
Unloading 3102 Unused Serialized files (Serialized files now loaded: 0)
System memory in use before: 139.2 MB.
System memory in use after: 139.5 MB.

Unloading 19 unused Assets to reduce memory usage. Loaded Objects now: 3702.
Total: 3.960200 ms (FindLiveObjects: 0.338300 ms CreateObjectMapping: 0.172000 ms MarkObjects: 3.349700 ms  DeleteObjects: 0.098500 ms)

========================================================================
Received Prepare
Registering precompiled user dll's ...
Registered in 0.014747 seconds.
Begin MonoManager ReloadAssembly
Native extension for WindowsStandalone target not found
Refreshing native plugins compatible for Editor in 0.92 ms, found 1 plugins.
Preloading 0 native plugins for Editor in 0.00 ms.
Mono: successfully reloaded assembly
- Completed reload, in  2.053 seconds
Platform modules already initialized, skipping
Shader 'Universal Render Pipeline/Particles/Lit': fallback shader 'Universal Render Pipeline/Particles/SimpleLit' not found
Refreshing native plugins compatible for Editor in 0.89 ms, found 1 plugins.
Preloading 0 native plugins for Editor in 0.00 ms.
Unloading 3102 Unused Serialized files (Serialized files now loaded: 0)
System memory in use before: 139.3 MB.
System memory in use after: 139.5 MB.

Unloading 19 unused Assets to reduce memory usage. Loaded Objects now: 3706.
Total: 4.941300 ms (FindLiveObjects: 0.896500 ms CreateObjectMapping: 0.416300 ms MarkObjects: 3.509600 ms  DeleteObjects: 0.117200 ms)

========================================================================
Received Prepare
Registering precompiled user dll's ...
Registered in 0.010865 seconds.
Begin MonoManager ReloadAssembly
Native extension for WindowsStandalone target not found
Refreshing native plugins compatible for Editor in 0.79 ms, found 1 plugins.
Preloading 0 native plugins for Editor in 0.00 ms.
Mono: successfully reloaded assembly
- Completed reload, in  1.793 seconds
Platform modules already initialized, skipping
Shader 'Universal Render Pipeline/Particles/Lit': fallback shader 'Universal Render Pipeline/Particles/SimpleLit' not found
Refreshing native plugins compatible for Editor in 1.39 ms, found 1 plugins.
Preloading 0 native plugins for Editor in 0.00 ms.
Unloading 3102 Unused Serialized files (Serialized files now loaded: 0)
System memory in use before: 139.3 MB.
System memory in use after: 139.5 MB.

Unloading 19 unused Assets to reduce memory usage. Loaded Objects now: 3710.
Total: 4.623100 ms (FindLiveObjects: 0.519400 ms CreateObjectMapping: 0.401200 ms MarkObjects: 3.600900 ms  DeleteObjects: 0.099800 ms)

========================================================================
Received Prepare
Registering precompiled user dll's ...
Registered in 0.014730 seconds.
Begin MonoManager ReloadAssembly
Native extension for WindowsStandalone target not found
Refreshing native plugins compatible for Editor in 0.84 ms, found 1 plugins.
Preloading 0 native plugins for Editor in 0.00 ms.
Mono: successfully reloaded assembly
- Completed reload, in  1.858 seconds
Platform modules already initialized, skipping
Shader 'Universal Render Pipeline/Particles/Lit': fallback shader 'Universal Render Pipeline/Particles/SimpleLit' not found
Refreshing native plugins compatible for Editor in 1.32 ms, found 1 plugins.
Preloading 0 native plugins for Editor in 0.00 ms.
Unloading 3102 Unused Serialized files (Serialized files now loaded: 0)
System memory in use before: 139.3 MB.
System memory in use after: 139.5 MB.

Unloading 19 unused Assets to reduce memory usage. Loaded Objects now: 3714.
Total: 4.182600 ms (FindLiveObjects: 0.653500 ms CreateObjectMapping: 0.225700 ms MarkObjects: 3.208900 ms  DeleteObjects: 0.092100 ms)

========================================================================
Received Prepare
Registering precompiled user dll's ...
Registered in 0.022327 seconds.
Begin MonoManager ReloadAssembly
Native extension for WindowsStandalone target not found
Refreshing native plugins compatible for Editor in 0.82 ms, found 1 plugins.
Preloading 0 native plugins for Editor in 0.00 ms.
Mono: successfully reloaded assembly
- Completed reload, in  1.916 seconds
Platform modules already initialized, skipping
Shader 'Universal Render Pipeline/Particles/Lit': fallback shader 'Universal Render Pipeline/Particles/SimpleLit' not found
Refreshing native plugins compatible for Editor in 0.86 ms, found 1 plugins.
Preloading 0 native plugins for Editor in 0.00 ms.
Unloading 3102 Unused Serialized files (Serialized files now loaded: 0)
System memory in use before: 139.3 MB.
System memory in use after: 139.5 MB.

Unloading 19 unused Assets to reduce memory usage. Loaded Objects now: 3718.
Total: 4.736400 ms (FindLiveObjects: 0.764800 ms CreateObjectMapping: 0.381700 ms MarkObjects: 3.495100 ms  DeleteObjects: 0.093300 ms)

========================================================================
Received Prepare
Registering precompiled user dll's ...
Registered in 0.010352 seconds.
Begin MonoManager ReloadAssembly
Native extension for WindowsStandalone target not found
Refreshing native plugins compatible for Editor in 1.58 ms, found 1 plugins.
Preloading 0 native plugins for Editor in 0.00 ms.
Mono: successfully reloaded assembly
- Completed reload, in  2.101 seconds
Platform modules already initialized, skipping
Shader 'Universal Render Pipeline/Particles/Lit': fallback shader 'Universal Render Pipeline/Particles/SimpleLit' not found
Refreshing native plugins compatible for Editor in 0.87 ms, found 1 plugins.
Preloading 0 native plugins for Editor in 0.00 ms.
Unloading 3102 Unused Serialized files (Serialized files now loaded: 0)
System memory in use before: 139.3 MB.
System memory in use after: 139.5 MB.

Unloading 19 unused Assets to reduce memory usage. Loaded Objects now: 3722.
Total: 4.538600 ms (FindLiveObjects: 0.521000 ms CreateObjectMapping: 0.386000 ms MarkObjects: 3.530800 ms  DeleteObjects: 0.099000 ms)

========================================================================
Received Prepare
Registering precompiled user dll's ...
Registered in 0.011800 seconds.
Begin MonoManager ReloadAssembly
Native extension for WindowsStandalone target not found
Refreshing native plugins compatible for Editor in 0.97 ms, found 1 plugins.
Preloading 0 native plugins for Editor in 0.00 ms.
Mono: successfully reloaded assembly
- Completed reload, in  1.865 seconds
Platform modules already initialized, skipping
Shader 'Universal Render Pipeline/Particles/Lit': fallback shader 'Universal Render Pipeline/Particles/SimpleLit' not found
Refreshing native plugins compatible for Editor in 1.28 ms, found 1 plugins.
Preloading 0 native plugins for Editor in 0.00 ms.
Unloading 3102 Unused Serialized files (Serialized files now loaded: 0)
System memory in use before: 139.3 MB.
System memory in use after: 139.5 MB.

Unloading 19 unused Assets to reduce memory usage. Loaded Objects now: 3726.
Total: 4.013700 ms (FindLiveObjects: 0.353700 ms CreateObjectMapping: 0.258100 ms MarkObjects: 3.307200 ms  DeleteObjects: 0.093100 ms)

========================================================================
Received Prepare
Registering precompiled user dll's ...
Registered in 0.019016 seconds.
Begin MonoManager ReloadAssembly
Native extension for WindowsStandalone target not found
Refreshing native plugins compatible for Editor in 0.83 ms, found 1 plugins.
Preloading 0 native plugins for Editor in 0.00 ms.
Mono: successfully reloaded assembly
- Completed reload, in  2.022 seconds
Platform modules already initialized, skipping
Shader 'Universal Render Pipeline/Particles/Lit': fallback shader 'Universal Render Pipeline/Particles/SimpleLit' not found
Refreshing native plugins compatible for Editor in 0.94 ms, found 1 plugins.
Preloading 0 native plugins for Editor in 0.00 ms.
Unloading 3102 Unused Serialized files (Serialized files now loaded: 0)
System memory in use before: 139.3 MB.
System memory in use after: 139.5 MB.

Unloading 19 unused Assets to reduce memory usage. Loaded Objects now: 3730.
Total: 4.561200 ms (FindLiveObjects: 0.353400 ms CreateObjectMapping: 0.283800 ms MarkObjects: 3.617400 ms  DeleteObjects: 0.304100 ms)

========================================================================
Received Prepare
Registering precompiled user dll's ...
Registered in 0.013935 seconds.
Begin MonoManager ReloadAssembly
Native extension for WindowsStandalone target not found
Refreshing native plugins compatible for Editor in 1.43 ms, found 1 plugins.
Preloading 0 native plugins for Editor in 0.00 ms.
Mono: successfully reloaded assembly
- Completed reload, in  1.872 seconds
Platform modules already initialized, skipping
Shader 'Universal Render Pipeline/Particles/Lit': fallback shader 'Universal Render Pipeline/Particles/SimpleLit' not found
Refreshing native plugins compatible for Editor in 0.78 ms, found 1 plugins.
Preloading 0 native plugins for Editor in 0.00 ms.
Unloading 3102 Unused Serialized files (Serialized files now loaded: 0)
System memory in use before: 139.3 MB.
System memory in use after: 139.5 MB.

Unloading 19 unused Assets to reduce memory usage. Loaded Objects now: 3734.
Total: 5.418100 ms (FindLiveObjects: 0.395600 ms CreateObjectMapping: 0.163600 ms MarkObjects: 3.929100 ms  DeleteObjects: 0.928000 ms)

========================================================================
Received Prepare
Registering precompiled user dll's ...
Registered in 0.016376 seconds.
Begin MonoManager ReloadAssembly
Native extension for WindowsStandalone target not found
Refreshing native plugins compatible for Editor in 0.96 ms, found 1 plugins.
Preloading 0 native plugins for Editor in 0.00 ms.
Mono: successfully reloaded assembly
- Completed reload, in  1.740 seconds
Platform modules already initialized, skipping
Shader 'Universal Render Pipeline/Particles/Lit': fallback shader 'Universal Render Pipeline/Particles/SimpleLit' not found
Refreshing native plugins compatible for Editor in 0.89 ms, found 1 plugins.
Preloading 0 native plugins for Editor in 0.00 ms.
Unloading 3102 Unused Serialized files (Serialized files now loaded: 0)
System memory in use before: 139.3 MB.
System memory in use after: 139.5 MB.

Unloading 19 unused Assets to reduce memory usage. Loaded Objects now: 3738.
Total: 4.639700 ms (FindLiveObjects: 1.142500 ms CreateObjectMapping: 0.218800 ms MarkObjects: 3.168200 ms  DeleteObjects: 0.108500 ms)

========================================================================
Received Import Request.
  Time since last request: 2278.719792 seconds.
  path: Assets/Scripts/Enemy
  artifactKey: Guid(d384e692eeaec8047b52d2f068142479) Importer(815301076,1909f56bfc062723c751e8b465ee728b)
Start importing Assets/Scripts/Enemy using Guid(d384e692eeaec8047b52d2f068142479) Importer(815301076,1909f56bfc062723c751e8b465ee728b)  -> (artifact id: '4a7099f177b57ccb90656c378ca31939') in 0.046271 seconds
  Import took 0.068654 seconds .

========================================================================
Received Prepare
Registering precompiled user dll's ...
Registered in 0.009499 seconds.
Begin MonoManager ReloadAssembly
Native extension for WindowsStandalone target not found
Refreshing native plugins compatible for Editor in 0.78 ms, found 1 plugins.
Preloading 0 native plugins for Editor in 0.00 ms.
Mono: successfully reloaded assembly
- Completed reload, in  1.678 seconds
Platform modules already initialized, skipping
Shader 'Universal Render Pipeline/Particles/Lit': fallback shader 'Universal Render Pipeline/Particles/SimpleLit' not found
Refreshing native plugins compatible for Editor in 0.83 ms, found 1 plugins.
Preloading 0 native plugins for Editor in 0.00 ms.
Unloading 3102 Unused Serialized files (Serialized files now loaded: 0)
System memory in use before: 139.3 MB.
System memory in use after: 139.5 MB.

Unloading 19 unused Assets to reduce memory usage. Loaded Objects now: 3742.
Total: 4.660400 ms (FindLiveObjects: 0.659400 ms CreateObjectMapping: 0.410000 ms MarkObjects: 3.490800 ms  DeleteObjects: 0.098400 ms)

========================================================================
Received Import Request.
  Time since last request: 15.957722 seconds.
  path: Assets/Scripts/Util
  artifactKey: Guid(b31f1a3442e36d243ace46f2c49711af) Importer(815301076,1909f56bfc062723c751e8b465ee728b)
Start importing Assets/Scripts/Util using Guid(b31f1a3442e36d243ace46f2c49711af) Importer(815301076,1909f56bfc062723c751e8b465ee728b)  -> (artifact id: '2c101a06f9f43497596a7d1f17cd1698') in 0.034602 seconds
  Import took 0.046523 seconds .

========================================================================
Received Import Request.
  Time since last request: 7.974918 seconds.
  path: Assets/Scripts/Enviromen
  artifactKey: Guid(e260a8766938bb74a84c3a89b09d8333) Importer(815301076,1909f56bfc062723c751e8b465ee728b)
Start importing Assets/Scripts/Enviromen using Guid(e260a8766938bb74a84c3a89b09d8333) Importer(815301076,1909f56bfc062723c751e8b465ee728b)  -> (artifact id: 'cb619775f7cb9ed914ff52adfd75cf4b') in 0.032200 seconds
  Import took 0.044196 seconds .

========================================================================
Received Import Request.
  Time since last request: 4.560360 seconds.
  path: Assets/Scripts/Enviroment
  artifactKey: Guid(e260a8766938bb74a84c3a89b09d8333) Importer(815301076,1909f56bfc062723c751e8b465ee728b)
Start importing Assets/Scripts/Enviroment using Guid(e260a8766938bb74a84c3a89b09d8333) Importer(815301076,1909f56bfc062723c751e8b465ee728b)  -> (artifact id: 'bb555605d20de44de5ac6fc1f0372049') in 0.034550 seconds
  Import took 0.047735 seconds .

========================================================================
Received Prepare
Registering precompiled user dll's ...
Registered in 0.009278 seconds.
Begin MonoManager ReloadAssembly
Native extension for WindowsStandalone target not found
Refreshing native plugins compatible for Editor in 1.63 ms, found 1 plugins.
Preloading 0 native plugins for Editor in 0.00 ms.
Mono: successfully reloaded assembly
- Completed reload, in  2.617 seconds
Platform modules already initialized, skipping
Shader 'Universal Render Pipeline/Particles/Lit': fallback shader 'Universal Render Pipeline/Particles/SimpleLit' not found
Refreshing native plugins compatible for Editor in 1.50 ms, found 1 plugins.
Preloading 0 native plugins for Editor in 0.00 ms.
Unloading 3102 Unused Serialized files (Serialized files now loaded: 0)
System memory in use before: 139.3 MB.
System memory in use after: 139.5 MB.

Unloading 19 unused Assets to reduce memory usage. Loaded Objects now: 3746.
Total: 5.855400 ms (FindLiveObjects: 0.726100 ms CreateObjectMapping: 0.258500 ms MarkObjects: 3.919700 ms  DeleteObjects: 0.948400 ms)

========================================================================
Received Prepare
Registering precompiled user dll's ...
Registered in 0.013397 seconds.
Begin MonoManager ReloadAssembly
Native extension for WindowsStandalone target not found
Refreshing native plugins compatible for Editor in 1.38 ms, found 1 plugins.
Preloading 0 native plugins for Editor in 0.00 ms.
Mono: successfully reloaded assembly
- Completed reload, in  2.072 seconds
Platform modules already initialized, skipping
Shader 'Universal Render Pipeline/Particles/Lit': fallback shader 'Universal Render Pipeline/Particles/SimpleLit' not found
Refreshing native plugins compatible for Editor in 1.30 ms, found 1 plugins.
Preloading 0 native plugins for Editor in 0.00 ms.
Unloading 3102 Unused Serialized files (Serialized files now loaded: 0)
System memory in use before: 139.3 MB.
System memory in use after: 139.5 MB.

Unloading 19 unused Assets to reduce memory usage. Loaded Objects now: 3750.
Total: 5.083600 ms (FindLiveObjects: 0.360700 ms CreateObjectMapping: 0.186000 ms MarkObjects: 4.431800 ms  DeleteObjects: 0.102700 ms)

========================================================================
Received Prepare
Registering precompiled user dll's ...
Registered in 0.011761 seconds.
Begin MonoManager ReloadAssembly
Native extension for WindowsStandalone target not found
Refreshing native plugins compatible for Editor in 1.15 ms, found 1 plugins.
Preloading 0 native plugins for Editor in 0.00 ms.
Mono: successfully reloaded assembly
- Completed reload, in  2.291 seconds
Platform modules already initialized, skipping
Shader 'Universal Render Pipeline/Particles/Lit': fallback shader 'Universal Render Pipeline/Particles/SimpleLit' not found
Refreshing native plugins compatible for Editor in 0.93 ms, found 1 plugins.
Preloading 0 native plugins for Editor in 0.00 ms.
Unloading 3102 Unused Serialized files (Serialized files now loaded: 0)
System memory in use before: 139.4 MB.
System memory in use after: 139.6 MB.

Unloading 19 unused Assets to reduce memory usage. Loaded Objects now: 3754.
Total: 5.126800 ms (FindLiveObjects: 0.529300 ms CreateObjectMapping: 0.379600 ms MarkObjects: 3.427300 ms  DeleteObjects: 0.788200 ms)

========================================================================
Received Import Request.
  Time since last request: 110.418177 seconds.
  path: Assets/Prefabs/Avatar.prefab
  artifactKey: Guid(0f294070e0238fb4f885b9bbbd6ecd26) Importer(815301076,1909f56bfc062723c751e8b465ee728b)
Start importing Assets/Prefabs/Avatar.prefab using Guid(0f294070e0238fb4f885b9bbbd6ecd26) Importer(815301076,1909f56bfc062723c751e8b465ee728b)  -> (artifact id: '4337cb0c5b8b53adeb023ae8641213f1') in 0.565456 seconds
  Import took 0.577381 seconds .

========================================================================
Received Import Request.
  Time since last request: 0.000304 seconds.
  path: Assets/Prefabs/Enviroment_3.prefab
  artifactKey: Guid(1ba57dc79089b9c4fac8f417692d5a92) Importer(815301076,1909f56bfc062723c751e8b465ee728b)
Start importing Assets/Prefabs/Enviroment_3.prefab using Guid(1ba57dc79089b9c4fac8f417692d5a92) Importer(815301076,1909f56bfc062723c751e8b465ee728b)  -> (artifact id: '821ab45087726013b06c2d9c30f09647') in 0.083215 seconds
  Import took 0.091998 seconds .

========================================================================
Received Import Request.
  Time since last request: 0.000246 seconds.
  path: Assets/Prefabs/Tree.prefab
  artifactKey: Guid(06dc6a92a2b6ef342ac58eb711a3a5f2) Importer(815301076,1909f56bfc062723c751e8b465ee728b)
Start importing Assets/Prefabs/Tree.prefab using Guid(06dc6a92a2b6ef342ac58eb711a3a5f2) Importer(815301076,1909f56bfc062723c751e8b465ee728b)  -> (artifact id: 'ee4e62bce0738def57b22062092ac1df') in 0.116769 seconds
  Import took 0.126378 seconds .

========================================================================
Received Import Request.
  Time since last request: 12.603177 seconds.
  path: Assets/Animations/Avatar 1.controller
  artifactKey: Guid(33296da924453174c8cc7c2b007b891d) Importer(815301076,1909f56bfc062723c751e8b465ee728b)
Start importing Assets/Animations/Avatar 1.controller using Guid(33296da924453174c8cc7c2b007b891d) Importer(815301076,1909f56bfc062723c751e8b465ee728b)  -> (artifact id: '3f4abc82274958968c7d1ec11369521a') in 0.027684 seconds
  Import took 0.039795 seconds .

========================================================================
Received Import Request.
  Time since last request: 6.233065 seconds.
  path: Assets/Animations/Player.controller
  artifactKey: Guid(33296da924453174c8cc7c2b007b891d) Importer(815301076,1909f56bfc062723c751e8b465ee728b)
Start importing Assets/Animations/Player.controller using Guid(33296da924453174c8cc7c2b007b891d) Importer(815301076,1909f56bfc062723c751e8b465ee728b)  -> (artifact id: 'c84064b51a528675c9f153b06098788c') in 0.040717 seconds
  Import took 0.052699 seconds .

========================================================================
Received Import Request.
  Time since last request: 10.081092 seconds.
  path: Assets/Animations/Enemy.controller
  artifactKey: Guid(a0cb2eaf81ed28b42840d22143b41694) Importer(815301076,1909f56bfc062723c751e8b465ee728b)
Start importing Assets/Animations/Enemy.controller using Guid(a0cb2eaf81ed28b42840d22143b41694) Importer(815301076,1909f56bfc062723c751e8b465ee728b)  -> (artifact id: '9bfb80a324ff4b3c29fc6ad32e0f8f09') in 0.021412 seconds
  Import took 0.033735 seconds .

========================================================================
Received Import Request.
  Time since last request: 6.804093 seconds.
  path: Assets/Animations/Enemy
  artifactKey: Guid(de080e36cdfac1b4b9b71c9e8dea08ed) Importer(815301076,1909f56bfc062723c751e8b465ee728b)
Start importing Assets/Animations/Enemy using Guid(de080e36cdfac1b4b9b71c9e8dea08ed) Importer(815301076,1909f56bfc062723c751e8b465ee728b)  -> (artifact id: '32717dda40157020251057c302f4e372') in 0.019541 seconds
  Import took 0.033946 seconds .

========================================================================
Received Import Request.
  Time since last request: 32.755061 seconds.
  path: Assets/Sprites/Avatar.psb
  artifactKey: Guid(2c40678a958d58641b3c955d63ea931f) Importer(815301076,1909f56bfc062723c751e8b465ee728b)
Start importing Assets/Sprites/Avatar.psb using Guid(2c40678a958d58641b3c955d63ea931f) Importer(815301076,1909f56bfc062723c751e8b465ee728b)  -> (artifact id: '4eda8116b14971ae9f831cc81bc03f25') in 0.233218 seconds
  Import took 0.247008 seconds .

========================================================================
Received Import Request.
  Time since last request: 0.000311 seconds.
  path: Assets/Sprites/Zombie.psd
  artifactKey: Guid(25ab437ef7ada904392e943c846f5c56) Importer(815301076,1909f56bfc062723c751e8b465ee728b)
Start importing Assets/Sprites/Zombie.psd using Guid(25ab437ef7ada904392e943c846f5c56) Importer(815301076,1909f56bfc062723c751e8b465ee728b)  -> (artifact id: '5d30af44c806b871981806b5402a3c56') in 0.079475 seconds
  Import took 0.092969 seconds .

========================================================================
Received Import Request.
  Time since last request: 6.052019 seconds.
  path: Assets/Sprites/Zombie.psd
  artifactKey: Guid(25ab437ef7ada904392e943c846f5c56) Importer(815301076,1909f56bfc062723c751e8b465ee728b)
Start importing Assets/Sprites/Zombie.psd using Guid(25ab437ef7ada904392e943c846f5c56) Importer(815301076,1909f56bfc062723c751e8b465ee728b)  -> (artifact id: '30a4a1d8527a4ff235551681f28520e3') in 0.047425 seconds
  Import took 0.060747 seconds .

========================================================================
Received Import Request.
  Time since last request: 20.051023 seconds.
  path: Assets/Sprites/Zombie.psb
  artifactKey: Guid(adcda0c22aca1b24a830591132e924a5) Importer(815301076,1909f56bfc062723c751e8b465ee728b)
Start importing Assets/Sprites/Zombie.psb using Guid(adcda0c22aca1b24a830591132e924a5) Importer(815301076,1909f56bfc062723c751e8b465ee728b)  -> (artifact id: '8e865c03e0a134d02a7176dda4aeaeb0') in 0.124382 seconds
  Import took 0.134451 seconds .

========================================================================
Received Import Request.
  Time since last request: 337.791703 seconds.
  path: Assets/Sprites/Zombie.psb
  artifactKey: Guid(adcda0c22aca1b24a830591132e924a5) Importer(815301076,1909f56bfc062723c751e8b465ee728b)
Start importing Assets/Sprites/Zombie.psb using Guid(adcda0c22aca1b24a830591132e924a5) Importer(815301076,1909f56bfc062723c751e8b465ee728b)  -> (artifact id: '742bae89e144b1d4133695ae5d5a4742') in 0.140899 seconds
  Import took 0.153317 seconds .

========================================================================
Received Import Request.
  Time since last request: 24.192853 seconds.
  path: Assets/Sprites/Zombie.psb
  artifactKey: Guid(adcda0c22aca1b24a830591132e924a5) Importer(815301076,1909f56bfc062723c751e8b465ee728b)
Start importing Assets/Sprites/Zombie.psb using Guid(adcda0c22aca1b24a830591132e924a5) Importer(815301076,1909f56bfc062723c751e8b465ee728b)  -> (artifact id: '68ce4df630d84b24cb2d057793196647') in 0.120016 seconds
  Import took 0.130010 seconds .

========================================================================
Received Import Request.
  Time since last request: 51.819635 seconds.
  path: Assets/Sprites/Zombie.psb
  artifactKey: Guid(adcda0c22aca1b24a830591132e924a5) Importer(815301076,1909f56bfc062723c751e8b465ee728b)
Start importing Assets/Sprites/Zombie.psb using Guid(adcda0c22aca1b24a830591132e924a5) Importer(815301076,1909f56bfc062723c751e8b465ee728b)  -> (artifact id: 'f19004b121a5525a326ab28e73016cef') in 0.135829 seconds
  Import took 0.145738 seconds .

========================================================================
Received Import Request.
  Time since last request: 343.983266 seconds.
  path: Assets/Animations/Enemy/Idle.anim
  artifactKey: Guid(18bc7d597afe8264d8da33e6d029c9b5) Importer(815301076,1909f56bfc062723c751e8b465ee728b)
Start importing Assets/Animations/Enemy/Idle.anim using Guid(18bc7d597afe8264d8da33e6d029c9b5) Importer(815301076,1909f56bfc062723c751e8b465ee728b)  -> (artifact id: 'b077ef31d312a98f65d29778d525c94b') in 0.019977 seconds
  Import took 0.030745 seconds .

========================================================================
Received Import Request.
  Time since last request: 6216.721276 seconds.
  path: Assets/_TerrainAutoUpgrade/layer_checkerGround3d3aba195e4d26ee.terrainlayer
  artifactKey: Guid(4605e02fa49e70e478fc86d41fbb9b03) Importer(815301076,1909f56bfc062723c751e8b465ee728b)
Start importing Assets/_TerrainAutoUpgrade/layer_checkerGround3d3aba195e4d26ee.terrainlayer using Guid(4605e02fa49e70e478fc86d41fbb9b03) Importer(815301076,1909f56bfc062723c751e8b465ee728b)  -> (artifact id: '69294e7489b50087362934b93fdb6d87') in 0.490714 seconds
  Import took 0.640800 seconds .

========================================================================
Received Import Request.
  Time since last request: 1.104750 seconds.
  path: Assets/AstarPathfindingProject/AstarPathfindingProject.asmdef
  artifactKey: Guid(efa45043feb7e4147a305b73b5cea642) Importer(815301076,1909f56bfc062723c751e8b465ee728b)
Start importing Assets/AstarPathfindingProject/AstarPathfindingProject.asmdef using Guid(efa45043feb7e4147a305b73b5cea642) Importer(815301076,1909f56bfc062723c751e8b465ee728b)  -> (artifact id: '0babb06c176c8467674a8c857dc8f6d2') in 0.021967 seconds
  Import took 0.032143 seconds .

========================================================================
Received Import Request.
  Time since last request: 13.511314 seconds.
  path: Assets/Scripts/Person/Run.anim
  artifactKey: Guid(7c105be0ef53f7e4b9f9072cb985cc7c) Importer(815301076,1909f56bfc062723c751e8b465ee728b)
Start importing Assets/Scripts/Person/Run.anim using Guid(7c105be0ef53f7e4b9f9072cb985cc7c) Importer(815301076,1909f56bfc062723c751e8b465ee728b)  -> (artifact id: '334374b5500658b9e35b91c1f8c9ebae') in 0.028200 seconds
  Import took 0.038367 seconds .

========================================================================
Received Import Request.
  Time since last request: 0.002948 seconds.
  path: Assets/Scripts/Person/Run.anim
  artifactKey: Guid(7c105be0ef53f7e4b9f9072cb985cc7c) Importer(815301076,1909f56bfc062723c751e8b465ee728b)
Start importing Assets/Scripts/Person/Run.anim using Guid(7c105be0ef53f7e4b9f9072cb985cc7c) Importer(815301076,1909f56bfc062723c751e8b465ee728b)  -> (artifact id: '334374b5500658b9e35b91c1f8c9ebae') in 0.018636 seconds
  Import took 0.029386 seconds .

========================================================================
Received Import Request.
  Time since last request: 1.942908 seconds.
  path: Assets/Scripts/Person/Zombie.controller
  artifactKey: Guid(dbb53f5423b8be34b911b60bba43eaf1) Importer(815301076,1909f56bfc062723c751e8b465ee728b)
Start importing Assets/Scripts/Person/Zombie.controller using Guid(dbb53f5423b8be34b911b60bba43eaf1) Importer(815301076,1909f56bfc062723c751e8b465ee728b)  -> (artifact id: '19b9d8c2d8564f99d54ebef849f407ee') in 0.024076 seconds
  Import took 0.035960 seconds .

========================================================================
Received Prepare
Registering precompiled user dll's ...
Registered in 0.010689 seconds.
Begin MonoManager ReloadAssembly
Native extension for WindowsStandalone target not found
Refreshing native plugins compatible for Editor in 0.95 ms, found 1 plugins.
Preloading 0 native plugins for Editor in 0.00 ms.
Mono: successfully reloaded assembly
- Completed reload, in  4.188 seconds
Platform modules already initialized, skipping
Shader 'Universal Render Pipeline/Particles/Lit': fallback shader 'Universal Render Pipeline/Particles/SimpleLit' not found
Refreshing native plugins compatible for Editor in 1.00 ms, found 1 plugins.
Preloading 0 native plugins for Editor in 0.00 ms.
Unloading 3102 Unused Serialized files (Serialized files now loaded: 0)
System memory in use before: 144.6 MB.
System memory in use after: 144.9 MB.

Unloading 19 unused Assets to reduce memory usage. Loaded Objects now: 3820.
Total: 7.285400 ms (FindLiveObjects: 0.838300 ms CreateObjectMapping: 0.399000 ms MarkObjects: 5.875900 ms  DeleteObjects: 0.168000 ms)

========================================================================
Received Import Request.
  Time since last request: 771.472324 seconds.
  path: Assets/Prefabs/Zombie.prefab
  artifactKey: Guid(739af4e2322a546429c56dc0220974cc) Importer(815301076,1909f56bfc062723c751e8b465ee728b)
Start importing Assets/Prefabs/Zombie.prefab using Guid(739af4e2322a546429c56dc0220974cc) Importer(815301076,1909f56bfc062723c751e8b465ee728b) The Animator Controller (Enemy) you have used is not valid. Animations will not play
UnityEngine.StackTraceUtility:ExtractStackTrace ()
UnityEditor.EditorUtility:Internal_InstantiateRemoveAllNonAnimationComponentsSingle (UnityEngine.Object,UnityEngine.Vector3,UnityEngine.Quaternion)
UnityEditor.EditorUtility:InstantiateRemoveAllNonAnimationComponents (UnityEngine.Object,UnityEngine.Vector3,UnityEngine.Quaternion)
UnityEditor.EditorUtility:InstantiateForAnimatorPreview (UnityEngine.Object)
UnityEditor.GameObjectInspector/PreviewData:UpdateGameObject (UnityEngine.Object)
UnityEditor.GameObjectInspector/PreviewData:.ctor (UnityEngine.Object)
UnityEditor.GameObjectInspector:GetPreviewData ()
UnityEditor.GameObjectInspector:RenderStaticPreview (string,UnityEngine.Object[],int,int)
UnityEditor.AssetPreviewUpdater:CreatePreviewForAsset (UnityEngine.Object,UnityEngine.Object[],string)

[C:\buildslave\unity\build\Modules/Animation/Director/AnimatorControllerPlayable.cpp line 333]

The Animator Controller (Enemy) you have used is not valid. Animations will not play
UnityEngine.StackTraceUtility:ExtractStackTrace ()
UnityEditor.EditorUtility:InitInstantiatedPreviewRecursive (UnityEngine.GameObject)
UnityEditor.EditorUtility:InstantiateForAnimatorPreview (UnityEngine.Object)
UnityEditor.GameObjectInspector/PreviewData:UpdateGameObject (UnityEngine.Object)
UnityEditor.GameObjectInspector/PreviewData:.ctor (UnityEngine.Object)
UnityEditor.GameObjectInspector:GetPreviewData ()
UnityEditor.GameObjectInspector:RenderStaticPreview (string,UnityEngine.Object[],int,int)
UnityEditor.AssetPreviewUpdater:CreatePreviewForAsset (UnityEngine.Object,UnityEngine.Object[],string)

[C:\buildslave\unity\build\Modules/Animation/Director/AnimatorControllerPlayable.cpp line 333]

 -> (artifact id: 'cdeaee204c4c2aa240118863580af3c5') in 0.450391 seconds
  Import took 0.465021 seconds .

========================================================================
Received Import Request.
  Time since last request: 3.567496 seconds.
  path: Assets/Prefabs/Zombie.prefab
  artifactKey: Guid(739af4e2322a546429c56dc0220974cc) Importer(815301076,1909f56bfc062723c751e8b465ee728b)
Start importing Assets/Prefabs/Zombie.prefab using Guid(739af4e2322a546429c56dc0220974cc) Importer(815301076,1909f56bfc062723c751e8b465ee728b) The Animator Controller (Enemy) you have used is not valid. Animations will not play
UnityEngine.StackTraceUtility:ExtractStackTrace ()
UnityEditor.EditorUtility:Internal_InstantiateRemoveAllNonAnimationComponentsSingle (UnityEngine.Object,UnityEngine.Vector3,UnityEngine.Quaternion)
UnityEditor.EditorUtility:InstantiateRemoveAllNonAnimationComponents (UnityEngine.Object,UnityEngine.Vector3,UnityEngine.Quaternion)
UnityEditor.EditorUtility:InstantiateForAnimatorPreview (UnityEngine.Object)
UnityEditor.GameObjectInspector/PreviewData:UpdateGameObject (UnityEngine.Object)
UnityEditor.GameObjectInspector/PreviewData:.ctor (UnityEngine.Object)
UnityEditor.GameObjectInspector:GetPreviewData ()
UnityEditor.GameObjectInspector:RenderStaticPreview (string,UnityEngine.Object[],int,int)
UnityEditor.AssetPreviewUpdater:CreatePreviewForAsset (UnityEngine.Object,UnityEngine.Object[],string)

[C:\buildslave\unity\build\Modules/Animation/Director/AnimatorControllerPlayable.cpp line 333]

The Animator Controller (Enemy) you have used is not valid. Animations will not play
UnityEngine.StackTraceUtility:ExtractStackTrace ()
UnityEditor.EditorUtility:InitInstantiatedPreviewRecursive (UnityEngine.GameObject)
UnityEditor.EditorUtility:InstantiateForAnimatorPreview (UnityEngine.Object)
UnityEditor.GameObjectInspector/PreviewData:UpdateGameObject (UnityEngine.Object)
UnityEditor.GameObjectInspector/PreviewData:.ctor (UnityEngine.Object)
UnityEditor.GameObjectInspector:GetPreviewData ()
UnityEditor.GameObjectInspector:RenderStaticPreview (string,UnityEngine.Object[],int,int)
UnityEditor.AssetPreviewUpdater:CreatePreviewForAsset (UnityEngine.Object,UnityEngine.Object[],string)

[C:\buildslave\unity\build\Modules/Animation/Director/AnimatorControllerPlayable.cpp line 333]

 -> (artifact id: 'cdeaee204c4c2aa240118863580af3c5') in 0.052560 seconds
  Import took 0.062587 seconds .

========================================================================
Received Prepare
Registering precompiled user dll's ...
Registered in 0.009985 seconds.
Begin MonoManager ReloadAssembly
Native extension for WindowsStandalone target not found
Refreshing native plugins compatible for Editor in 1.26 ms, found 1 plugins.
Preloading 0 native plugins for Editor in 0.00 ms.
Mono: successfully reloaded assembly
- Completed reload, in  2.065 seconds
Platform modules already initialized, skipping
Shader 'Universal Render Pipeline/Particles/Lit': fallback shader 'Universal Render Pipeline/Particles/SimpleLit' not found
Refreshing native plugins compatible for Editor in 1.97 ms, found 1 plugins.
Preloading 0 native plugins for Editor in 0.00 ms.
Unloading 3102 Unused Serialized files (Serialized files now loaded: 0)
System memory in use before: 144.9 MB.
System memory in use after: 145.1 MB.

Unloading 19 unused Assets to reduce memory usage. Loaded Objects now: 3860.
Total: 6.279100 ms (FindLiveObjects: 1.494200 ms CreateObjectMapping: 0.400600 ms MarkObjects: 4.257900 ms  DeleteObjects: 0.124100 ms)

========================================================================
Received Import Request.
  Time since last request: 250.828344 seconds.
  path: Assets/Prefabs/Zombie.prefab
  artifactKey: Guid(739af4e2322a546429c56dc0220974cc) Importer(815301076,1909f56bfc062723c751e8b465ee728b)
Start importing Assets/Prefabs/Zombie.prefab using Guid(739af4e2322a546429c56dc0220974cc) Importer(815301076,1909f56bfc062723c751e8b465ee728b)  -> (artifact id: 'ec2746eb987a31c2db6163a482e29704') in 0.341663 seconds
  Import took 0.355832 seconds .

========================================================================
Received Prepare
Registering precompiled user dll's ...
Registered in 0.011308 seconds.
Begin MonoManager ReloadAssembly
Native extension for WindowsStandalone target not found
Refreshing native plugins compatible for Editor in 2.22 ms, found 1 plugins.
Preloading 0 native plugins for Editor in 0.00 ms.
Mono: successfully reloaded assembly
- Completed reload, in  3.150 seconds
Platform modules already initialized, skipping
Shader 'Universal Render Pipeline/Particles/Lit': fallback shader 'Universal Render Pipeline/Particles/SimpleLit' not found
Refreshing native plugins compatible for Editor in 1.32 ms, found 1 plugins.
Preloading 0 native plugins for Editor in 0.00 ms.
Unloading 3102 Unused Serialized files (Serialized files now loaded: 0)
System memory in use before: 145.0 MB.
System memory in use after: 145.2 MB.

Unloading 19 unused Assets to reduce memory usage. Loaded Objects now: 3900.
Total: 5.993800 ms (FindLiveObjects: 0.405500 ms CreateObjectMapping: 0.568700 ms MarkObjects: 4.868300 ms  DeleteObjects: 0.149200 ms)

========================================================================
Received Import Request.
  Time since last request: 123.199884 seconds.
  path: Assets/Prefabs/Zombie.prefab
  artifactKey: Guid(739af4e2322a546429c56dc0220974cc) Importer(815301076,1909f56bfc062723c751e8b465ee728b)
Start importing Assets/Prefabs/Zombie.prefab using Guid(739af4e2322a546429c56dc0220974cc) Importer(815301076,1909f56bfc062723c751e8b465ee728b)  -> (artifact id: 'aae989a1230fcad590b34fda95c50e6b') in 0.424067 seconds
  Import took 0.441454 seconds .

========================================================================
Received Prepare
Registering precompiled user dll's ...
Registered in 0.010733 seconds.
Begin MonoManager ReloadAssembly
Native extension for WindowsStandalone target not found
Refreshing native plugins compatible for Editor in 0.85 ms, found 1 plugins.
Preloading 0 native plugins for Editor in 0.00 ms.
Mono: successfully reloaded assembly
- Completed reload, in  2.076 seconds
Platform modules already initialized, skipping
Shader 'Universal Render Pipeline/Particles/Lit': fallback shader 'Universal Render Pipeline/Particles/SimpleLit' not found
Refreshing native plugins compatible for Editor in 0.82 ms, found 1 plugins.
Preloading 0 native plugins for Editor in 0.00 ms.
Unloading 3102 Unused Serialized files (Serialized files now loaded: 0)
System memory in use before: 145.2 MB.
System memory in use after: 145.4 MB.

Unloading 19 unused Assets to reduce memory usage. Loaded Objects now: 3940.
Total: 5.228500 ms (FindLiveObjects: 0.406900 ms CreateObjectMapping: 0.191800 ms MarkObjects: 4.524400 ms  DeleteObjects: 0.103100 ms)

========================================================================
Received Import Request.
  Time since last request: 287.253043 seconds.
  path: Assets/Prefabs/Zombie.prefab
  artifactKey: Guid(739af4e2322a546429c56dc0220974cc) Importer(815301076,1909f56bfc062723c751e8b465ee728b)
Start importing Assets/Prefabs/Zombie.prefab using Guid(739af4e2322a546429c56dc0220974cc) Importer(815301076,1909f56bfc062723c751e8b465ee728b)  -> (artifact id: '56176d88eac9c61cbd618a9481c14886') in 0.347165 seconds
  Import took 0.365498 seconds .

========================================================================
Received Prepare
Registering precompiled user dll's ...
Registered in 0.009530 seconds.
Begin MonoManager ReloadAssembly
Native extension for WindowsStandalone target not found
Refreshing native plugins compatible for Editor in 0.85 ms, found 1 plugins.
Preloading 0 native plugins for Editor in 0.00 ms.
Mono: successfully reloaded assembly
- Completed reload, in  1.919 seconds
Platform modules already initialized, skipping
Shader 'Universal Render Pipeline/Particles/Lit': fallback shader 'Universal Render Pipeline/Particles/SimpleLit' not found
Refreshing native plugins compatible for Editor in 0.85 ms, found 1 plugins.
Preloading 0 native plugins for Editor in 0.00 ms.
Unloading 3102 Unused Serialized files (Serialized files now loaded: 0)
System memory in use before: 145.3 MB.
System memory in use after: 145.5 MB.

Unloading 19 unused Assets to reduce memory usage. Loaded Objects now: 3980.
Total: 4.812900 ms (FindLiveObjects: 0.490300 ms CreateObjectMapping: 0.297400 ms MarkObjects: 3.922700 ms  DeleteObjects: 0.100500 ms)

========================================================================
Received Prepare
Registering precompiled user dll's ...
Registered in 0.011988 seconds.
Begin MonoManager ReloadAssembly
Native extension for WindowsStandalone target not found
Refreshing native plugins compatible for Editor in 0.84 ms, found 1 plugins.
Preloading 0 native plugins for Editor in 0.00 ms.
Mono: successfully reloaded assembly
- Completed reload, in  1.856 seconds
Platform modules already initialized, skipping
Shader 'Universal Render Pipeline/Particles/Lit': fallback shader 'Universal Render Pipeline/Particles/SimpleLit' not found
Refreshing native plugins compatible for Editor in 0.96 ms, found 1 plugins.
Preloading 0 native plugins for Editor in 0.00 ms.
Unloading 3102 Unused Serialized files (Serialized files now loaded: 0)
System memory in use before: 145.3 MB.
System memory in use after: 145.5 MB.

Unloading 19 unused Assets to reduce memory usage. Loaded Objects now: 3984.
Total: 7.024100 ms (FindLiveObjects: 0.708100 ms CreateObjectMapping: 0.598700 ms MarkObjects: 5.614900 ms  DeleteObjects: 0.100200 ms)

========================================================================
Received Import Request.
  Time since last request: 208.673147 seconds.
  path: Assets/Prefabs/Avatar.prefab
  artifactKey: Guid(0f294070e0238fb4f885b9bbbd6ecd26) Importer(815301076,1909f56bfc062723c751e8b465ee728b)
Start importing Assets/Prefabs/Avatar.prefab using Guid(0f294070e0238fb4f885b9bbbd6ecd26) Importer(815301076,1909f56bfc062723c751e8b465ee728b)  -> (artifact id: 'cd7576d7197cdabc5057be31643b68f5') in 0.304256 seconds
  Import took 0.315086 seconds .

========================================================================
Received Prepare
Registering precompiled user dll's ...
Registered in 0.015379 seconds.
Begin MonoManager ReloadAssembly
Native extension for WindowsStandalone target not found
Refreshing native plugins compatible for Editor in 0.90 ms, found 1 plugins.
Preloading 0 native plugins for Editor in 0.00 ms.
Mono: successfully reloaded assembly
- Completed reload, in  1.908 seconds
Platform modules already initialized, skipping
Shader 'Universal Render Pipeline/Particles/Lit': fallback shader 'Universal Render Pipeline/Particles/SimpleLit' not found
Refreshing native plugins compatible for Editor in 0.82 ms, found 1 plugins.
Preloading 0 native plugins for Editor in 0.00 ms.
Unloading 3102 Unused Serialized files (Serialized files now loaded: 0)
System memory in use before: 145.4 MB.
System memory in use after: 145.6 MB.

Unloading 19 unused Assets to reduce memory usage. Loaded Objects now: 4024.
Total: 5.098100 ms (FindLiveObjects: 0.398600 ms CreateObjectMapping: 0.174400 ms MarkObjects: 4.417600 ms  DeleteObjects: 0.105700 ms)

========================================================================
Received Prepare
Registering precompiled user dll's ...
Registered in 0.011770 seconds.
Begin MonoManager ReloadAssembly
Native extension for WindowsStandalone target not found
Refreshing native plugins compatible for Editor in 1.23 ms, found 1 plugins.
Preloading 0 native plugins for Editor in 0.00 ms.
Mono: successfully reloaded assembly
- Completed reload, in  1.863 seconds
Platform modules already initialized, skipping
Shader 'Universal Render Pipeline/Particles/Lit': fallback shader 'Universal Render Pipeline/Particles/SimpleLit' not found
Refreshing native plugins compatible for Editor in 1.52 ms, found 1 plugins.
Preloading 0 native plugins for Editor in 0.00 ms.
Unloading 3102 Unused Serialized files (Serialized files now loaded: 0)
System memory in use before: 145.4 MB.
System memory in use after: 145.7 MB.

Unloading 19 unused Assets to reduce memory usage. Loaded Objects now: 4028.
Total: 6.672800 ms (FindLiveObjects: 0.612500 ms CreateObjectMapping: 0.229200 ms MarkObjects: 5.574800 ms  DeleteObjects: 0.253800 ms)

========================================================================
Received Prepare
Registering precompiled user dll's ...
Registered in 0.010661 seconds.
Begin MonoManager ReloadAssembly
Native extension for WindowsStandalone target not found
Refreshing native plugins compatible for Editor in 0.85 ms, found 1 plugins.
Preloading 0 native plugins for Editor in 0.00 ms.
Mono: successfully reloaded assembly
- Completed reload, in  2.038 seconds
Platform modules already initialized, skipping
Shader 'Universal Render Pipeline/Particles/Lit': fallback shader 'Universal Render Pipeline/Particles/SimpleLit' not found
Refreshing native plugins compatible for Editor in 1.64 ms, found 1 plugins.
Preloading 0 native plugins for Editor in 0.00 ms.
Unloading 3102 Unused Serialized files (Serialized files now loaded: 0)
System memory in use before: 145.5 MB.
System memory in use after: 145.7 MB.

Unloading 19 unused Assets to reduce memory usage. Loaded Objects now: 4032.
Total: 4.707900 ms (FindLiveObjects: 0.376400 ms CreateObjectMapping: 0.164200 ms MarkObjects: 4.068800 ms  DeleteObjects: 0.096800 ms)

========================================================================
Received Prepare
Registering precompiled user dll's ...
Registered in 0.012099 seconds.
Begin MonoManager ReloadAssembly
Native extension for WindowsStandalone target not found
Refreshing native plugins compatible for Editor in 0.79 ms, found 1 plugins.
Preloading 0 native plugins for Editor in 0.00 ms.
Mono: successfully reloaded assembly
- Completed reload, in  2.039 seconds
Platform modules already initialized, skipping
Shader 'Universal Render Pipeline/Particles/Lit': fallback shader 'Universal Render Pipeline/Particles/SimpleLit' not found
Refreshing native plugins compatible for Editor in 1.12 ms, found 1 plugins.
Preloading 0 native plugins for Editor in 0.00 ms.
Unloading 3102 Unused Serialized files (Serialized files now loaded: 0)
System memory in use before: 145.5 MB.
System memory in use after: 145.7 MB.

Unloading 19 unused Assets to reduce memory usage. Loaded Objects now: 4036.
Total: 5.711500 ms (FindLiveObjects: 0.633900 ms CreateObjectMapping: 0.247900 ms MarkObjects: 4.727200 ms  DeleteObjects: 0.100500 ms)

========================================================================
Received Prepare
Registering precompiled user dll's ...
Registered in 0.010925 seconds.
Begin MonoManager ReloadAssembly
Native extension for WindowsStandalone target not found
Refreshing native plugins compatible for Editor in 0.83 ms, found 1 plugins.
Preloading 0 native plugins for Editor in 0.00 ms.
Mono: successfully reloaded assembly
- Completed reload, in  1.984 seconds
Platform modules already initialized, skipping
Shader 'Universal Render Pipeline/Particles/Lit': fallback shader 'Universal Render Pipeline/Particles/SimpleLit' not found
Refreshing native plugins compatible for Editor in 0.94 ms, found 1 plugins.
Preloading 0 native plugins for Editor in 0.00 ms.
Unloading 3102 Unused Serialized files (Serialized files now loaded: 0)
System memory in use before: 145.5 MB.
System memory in use after: 145.7 MB.

Unloading 19 unused Assets to reduce memory usage. Loaded Objects now: 4040.
Total: 4.696700 ms (FindLiveObjects: 0.638400 ms CreateObjectMapping: 0.205200 ms MarkObjects: 3.688500 ms  DeleteObjects: 0.162200 ms)

========================================================================
Received Prepare
Registering precompiled user dll's ...
Registered in 0.009871 seconds.
Begin MonoManager ReloadAssembly
Native extension for WindowsStandalone target not found
Refreshing native plugins compatible for Editor in 1.27 ms, found 1 plugins.
Preloading 0 native plugins for Editor in 0.00 ms.
Mono: successfully reloaded assembly
- Completed reload, in  3.049 seconds
Platform modules already initialized, skipping
Shader 'Universal Render Pipeline/Particles/Lit': fallback shader 'Universal Render Pipeline/Particles/SimpleLit' not found
Refreshing native plugins compatible for Editor in 1.08 ms, found 1 plugins.
Preloading 0 native plugins for Editor in 0.00 ms.
Unloading 3102 Unused Serialized files (Serialized files now loaded: 0)
System memory in use before: 145.5 MB.
System memory in use after: 145.7 MB.

Unloading 19 unused Assets to reduce memory usage. Loaded Objects now: 4044.
Total: 7.641900 ms (FindLiveObjects: 0.770600 ms CreateObjectMapping: 0.203700 ms MarkObjects: 4.655700 ms  DeleteObjects: 0.113300 ms)

========================================================================
Received Prepare
Registering precompiled user dll's ...
Registered in 0.022173 seconds.
Begin MonoManager ReloadAssembly
Native extension for WindowsStandalone target not found
Refreshing native plugins compatible for Editor in 0.85 ms, found 1 plugins.
Preloading 0 native plugins for Editor in 0.00 ms.
Mono: successfully reloaded assembly
- Completed reload, in  1.998 seconds
Platform modules already initialized, skipping
Shader 'Universal Render Pipeline/Particles/Lit': fallback shader 'Universal Render Pipeline/Particles/SimpleLit' not found
Refreshing native plugins compatible for Editor in 0.84 ms, found 1 plugins.
Preloading 0 native plugins for Editor in 0.00 ms.
Unloading 3102 Unused Serialized files (Serialized files now loaded: 0)
System memory in use before: 145.5 MB.
System memory in use after: 145.7 MB.

Unloading 19 unused Assets to reduce memory usage. Loaded Objects now: 4048.
Total: 4.960700 ms (FindLiveObjects: 0.379100 ms CreateObjectMapping: 0.161000 ms MarkObjects: 4.286000 ms  DeleteObjects: 0.131800 ms)

========================================================================
Received Prepare
Registering precompiled user dll's ...
Registered in 0.011461 seconds.
Begin MonoManager ReloadAssembly
Native extension for WindowsStandalone target not found
Refreshing native plugins compatible for Editor in 1.37 ms, found 1 plugins.
Preloading 0 native plugins for Editor in 0.00 ms.
Mono: successfully reloaded assembly
- Completed reload, in  2.952 seconds
Platform modules already initialized, skipping
Shader 'Universal Render Pipeline/Particles/Lit': fallback shader 'Universal Render Pipeline/Particles/SimpleLit' not found
Refreshing native plugins compatible for Editor in 0.90 ms, found 1 plugins.
Preloading 0 native plugins for Editor in 0.00 ms.
Unloading 3102 Unused Serialized files (Serialized files now loaded: 0)
System memory in use before: 145.5 MB.
System memory in use after: 145.7 MB.

Unloading 19 unused Assets to reduce memory usage. Loaded Objects now: 4052.
Total: 5.649200 ms (FindLiveObjects: 1.064500 ms CreateObjectMapping: 0.294600 ms MarkObjects: 4.181700 ms  DeleteObjects: 0.105600 ms)

========================================================================
Received Prepare
Registering precompiled user dll's ...
Registered in 0.025216 seconds.
Begin MonoManager ReloadAssembly
Native extension for WindowsStandalone target not found
Refreshing native plugins compatible for Editor in 2.09 ms, found 1 plugins.
Preloading 0 native plugins for Editor in 0.00 ms.
Mono: successfully reloaded assembly
- Completed reload, in  3.613 seconds
Platform modules already initialized, skipping
Shader 'Universal Render Pipeline/Particles/Lit': fallback shader 'Universal Render Pipeline/Particles/SimpleLit' not found
Refreshing native plugins compatible for Editor in 1.25 ms, found 1 plugins.
Preloading 0 native plugins for Editor in 0.00 ms.
Unloading 3102 Unused Serialized files (Serialized files now loaded: 0)
System memory in use before: 145.5 MB.
System memory in use after: 145.7 MB.

Unloading 19 unused Assets to reduce memory usage. Loaded Objects now: 4056.
Total: 7.312900 ms (FindLiveObjects: 0.474400 ms CreateObjectMapping: 0.199800 ms MarkObjects: 6.224500 ms  DeleteObjects: 0.412300 ms)

========================================================================
Received Prepare
Registering precompiled user dll's ...
Registered in 0.011783 seconds.
Begin MonoManager ReloadAssembly
Native extension for WindowsStandalone target not found
Refreshing native plugins compatible for Editor in 1.71 ms, found 1 plugins.
Preloading 0 native plugins for Editor in 0.00 ms.
Mono: successfully reloaded assembly
- Completed reload, in  2.185 seconds
Platform modules already initialized, skipping
Shader 'Universal Render Pipeline/Particles/Lit': fallback shader 'Universal Render Pipeline/Particles/SimpleLit' not found
Refreshing native plugins compatible for Editor in 0.98 ms, found 1 plugins.
Preloading 0 native plugins for Editor in 0.00 ms.
Unloading 3102 Unused Serialized files (Serialized files now loaded: 0)
System memory in use before: 145.5 MB.
System memory in use after: 145.7 MB.

Unloading 19 unused Assets to reduce memory usage. Loaded Objects now: 4060.
Total: 5.074400 ms (FindLiveObjects: 0.759500 ms CreateObjectMapping: 0.183100 ms MarkObjects: 4.035500 ms  DeleteObjects: 0.094500 ms)

========================================================================
Received Import Request.
  Time since last request: 8117.773525 seconds.
  path: Assets/Scripts/Enemy/EnemyAnim.cs
  artifactKey: Guid(e6855e66ca74d5d4591a5e0520840b53) Importer(815301076,1909f56bfc062723c751e8b465ee728b)
Start importing Assets/Scripts/Enemy/EnemyAnim.cs using Guid(e6855e66ca74d5d4591a5e0520840b53) Importer(815301076,1909f56bfc062723c751e8b465ee728b)  -> (artifact id: 'dd10260c94daee889d4c34f0b5cdd5a7') in 0.027947 seconds
  Import took 0.046340 seconds .

========================================================================
Received Import Request.
  Time since last request: 0.003184 seconds.
  path: Assets/Scripts/Enemy/EnemyAnim.cs
  artifactKey: Guid(e6855e66ca74d5d4591a5e0520840b53) Importer(815301076,1909f56bfc062723c751e8b465ee728b)
Start importing Assets/Scripts/Enemy/EnemyAnim.cs using Guid(e6855e66ca74d5d4591a5e0520840b53) Importer(815301076,1909f56bfc062723c751e8b465ee728b)  -> (artifact id: 'dd10260c94daee889d4c34f0b5cdd5a7') in 0.008553 seconds
  Import took 0.020996 seconds .

========================================================================
Received Import Request.
  Time since last request: 4.804909 seconds.
  path: Assets/Prefabs/Zombie.prefab
  artifactKey: Guid(739af4e2322a546429c56dc0220974cc) Importer(815301076,1909f56bfc062723c751e8b465ee728b)
Start importing Assets/Prefabs/Zombie.prefab using Guid(739af4e2322a546429c56dc0220974cc) Importer(815301076,1909f56bfc062723c751e8b465ee728b)  -> (artifact id: 'aa4d431eb13ec729aef3ae76bbf4615b') in 0.441476 seconds
  Import took 0.454499 seconds .

========================================================================
Received Prepare
Registering precompiled user dll's ...
Registered in 0.010948 seconds.
Begin MonoManager ReloadAssembly
Native extension for WindowsStandalone target not found
Refreshing native plugins compatible for Editor in 1.37 ms, found 1 plugins.
Preloading 0 native plugins for Editor in 0.00 ms.
Mono: successfully reloaded assembly
- Completed reload, in  2.429 seconds
Platform modules already initialized, skipping
Shader 'Universal Render Pipeline/Particles/Lit': fallback shader 'Universal Render Pipeline/Particles/SimpleLit' not found
Refreshing native plugins compatible for Editor in 1.38 ms, found 1 plugins.
Preloading 0 native plugins for Editor in 0.00 ms.
Unloading 3102 Unused Serialized files (Serialized files now loaded: 0)
System memory in use before: 145.6 MB.
System memory in use after: 145.8 MB.

Unloading 19 unused Assets to reduce memory usage. Loaded Objects now: 4100.
Total: 4.450700 ms (FindLiveObjects: 0.433500 ms CreateObjectMapping: 0.240700 ms MarkObjects: 3.673900 ms  DeleteObjects: 0.100700 ms)

========================================================================
Received Import Request.
  Time since last request: 15.146331 seconds.
  path: Assets/Prefabs/Zombie.prefab
  artifactKey: Guid(739af4e2322a546429c56dc0220974cc) Importer(815301076,1909f56bfc062723c751e8b465ee728b)
Start importing Assets/Prefabs/Zombie.prefab using Guid(739af4e2322a546429c56dc0220974cc) Importer(815301076,1909f56bfc062723c751e8b465ee728b)  -> (artifact id: 'f0486ae01454ada4cecc6a492840c459') in 0.297181 seconds
  Import took 0.307445 seconds .

========================================================================
Received Prepare
Registering precompiled user dll's ...
Registered in 0.015792 seconds.
Begin MonoManager ReloadAssembly
Native extension for WindowsStandalone target not found
Refreshing native plugins compatible for Editor in 1.02 ms, found 1 plugins.
Preloading 0 native plugins for Editor in 0.00 ms.
Mono: successfully reloaded assembly
- Completed reload, in  2.032 seconds
Platform modules already initialized, skipping
Shader 'Universal Render Pipeline/Particles/Lit': fallback shader 'Universal Render Pipeline/Particles/SimpleLit' not found
Refreshing native plugins compatible for Editor in 0.94 ms, found 1 plugins.
Preloading 0 native plugins for Editor in 0.00 ms.
Unloading 3102 Unused Serialized files (Serialized files now loaded: 0)
System memory in use before: 145.7 MB.
System memory in use after: 146.0 MB.

Unloading 19 unused Assets to reduce memory usage. Loaded Objects now: 4140.
Total: 4.705700 ms (FindLiveObjects: 0.477300 ms CreateObjectMapping: 0.272800 ms MarkObjects: 3.818700 ms  DeleteObjects: 0.134500 ms)

========================================================================
Received Prepare
Registering precompiled user dll's ...
Registered in 0.016249 seconds.
Begin MonoManager ReloadAssembly
Native extension for WindowsStandalone target not found
Refreshing native plugins compatible for Editor in 0.86 ms, found 1 plugins.
Preloading 0 native plugins for Editor in 0.00 ms.
Mono: successfully reloaded assembly
- Completed reload, in  1.867 seconds
Platform modules already initialized, skipping
Shader 'Universal Render Pipeline/Particles/Lit': fallback shader 'Universal Render Pipeline/Particles/SimpleLit' not found
Refreshing native plugins compatible for Editor in 0.84 ms, found 1 plugins.
Preloading 0 native plugins for Editor in 0.00 ms.
Unloading 3102 Unused Serialized files (Serialized files now loaded: 0)
System memory in use before: 145.8 MB.
System memory in use after: 146.0 MB.

Unloading 19 unused Assets to reduce memory usage. Loaded Objects now: 4144.
Total: 4.510300 ms (FindLiveObjects: 0.670400 ms CreateObjectMapping: 0.200400 ms MarkObjects: 3.446800 ms  DeleteObjects: 0.190800 ms)

========================================================================
Received Prepare
Registering precompiled user dll's ...
Registered in 0.010289 seconds.
Begin MonoManager ReloadAssembly
Native extension for WindowsStandalone target not found
Refreshing native plugins compatible for Editor in 0.95 ms, found 1 plugins.
Preloading 0 native plugins for Editor in 0.00 ms.
Mono: successfully reloaded assembly
- Completed reload, in  2.282 seconds
Platform modules already initialized, skipping
Shader 'Universal Render Pipeline/Particles/Lit': fallback shader 'Universal Render Pipeline/Particles/SimpleLit' not found
Refreshing native plugins compatible for Editor in 1.31 ms, found 1 plugins.
Preloading 0 native plugins for Editor in 0.00 ms.
Unloading 3102 Unused Serialized files (Serialized files now loaded: 0)
System memory in use before: 145.8 MB.
System memory in use after: 146.0 MB.

Unloading 19 unused Assets to reduce memory usage. Loaded Objects now: 4148.
Total: 7.504400 ms (FindLiveObjects: 0.783400 ms CreateObjectMapping: 0.211000 ms MarkObjects: 6.333200 ms  DeleteObjects: 0.174000 ms)

========================================================================
Received Prepare
Registering precompiled user dll's ...
Registered in 0.011569 seconds.
Begin MonoManager ReloadAssembly
Native extension for WindowsStandalone target not found
Refreshing native plugins compatible for Editor in 0.83 ms, found 1 plugins.
Preloading 0 native plugins for Editor in 0.00 ms.
Mono: successfully reloaded assembly
- Completed reload, in  1.953 seconds
Platform modules already initialized, skipping
Shader 'Universal Render Pipeline/Particles/Lit': fallback shader 'Universal Render Pipeline/Particles/SimpleLit' not found
Refreshing native plugins compatible for Editor in 0.81 ms, found 1 plugins.
Preloading 0 native plugins for Editor in 0.00 ms.
Unloading 3102 Unused Serialized files (Serialized files now loaded: 0)
System memory in use before: 145.8 MB.
System memory in use after: 146.0 MB.

Unloading 19 unused Assets to reduce memory usage. Loaded Objects now: 4152.
Total: 5.110600 ms (FindLiveObjects: 0.390400 ms CreateObjectMapping: 0.186400 ms MarkObjects: 4.425700 ms  DeleteObjects: 0.105900 ms)

========================================================================
Received Prepare
Registering precompiled user dll's ...
Registered in 0.013628 seconds.
Begin MonoManager ReloadAssembly
Native extension for WindowsStandalone target not found
Refreshing native plugins compatible for Editor in 0.77 ms, found 1 plugins.
Preloading 0 native plugins for Editor in 0.00 ms.
Mono: successfully reloaded assembly
- Completed reload, in  1.979 seconds
Platform modules already initialized, skipping
Shader 'Universal Render Pipeline/Particles/Lit': fallback shader 'Universal Render Pipeline/Particles/SimpleLit' not found
Refreshing native plugins compatible for Editor in 1.37 ms, found 1 plugins.
Preloading 0 native plugins for Editor in 0.00 ms.
Unloading 3102 Unused Serialized files (Serialized files now loaded: 0)
System memory in use before: 145.8 MB.
System memory in use after: 146.0 MB.

Unloading 19 unused Assets to reduce memory usage. Loaded Objects now: 4156.
Total: 5.386200 ms (FindLiveObjects: 0.726000 ms CreateObjectMapping: 0.395100 ms MarkObjects: 4.161000 ms  DeleteObjects: 0.102400 ms)

========================================================================
Received Prepare
Registering precompiled user dll's ...
Registered in 0.014172 seconds.
Begin MonoManager ReloadAssembly
Native extension for WindowsStandalone target not found
Refreshing native plugins compatible for Editor in 0.86 ms, found 1 plugins.
Preloading 0 native plugins for Editor in 0.00 ms.
Mono: successfully reloaded assembly
- Completed reload, in  1.981 seconds
Platform modules already initialized, skipping
Shader 'Universal Render Pipeline/Particles/Lit': fallback shader 'Universal Render Pipeline/Particles/SimpleLit' not found
Refreshing native plugins compatible for Editor in 1.74 ms, found 1 plugins.
Preloading 0 native plugins for Editor in 0.00 ms.
Unloading 3102 Unused Serialized files (Serialized files now loaded: 0)
System memory in use before: 145.8 MB.
System memory in use after: 146.0 MB.

Unloading 19 unused Assets to reduce memory usage. Loaded Objects now: 4160.
Total: 7.903900 ms (FindLiveObjects: 0.775500 ms CreateObjectMapping: 0.218400 ms MarkObjects: 6.747300 ms  DeleteObjects: 0.159700 ms)

========================================================================
Received Prepare
Registering precompiled user dll's ...
Registered in 0.010383 seconds.
Begin MonoManager ReloadAssembly
Native extension for WindowsStandalone target not found
Refreshing native plugins compatible for Editor in 1.63 ms, found 1 plugins.
Preloading 0 native plugins for Editor in 0.00 ms.
Mono: successfully reloaded assembly
- Completed reload, in  2.134 seconds
Platform modules already initialized, skipping
Shader 'Universal Render Pipeline/Particles/Lit': fallback shader 'Universal Render Pipeline/Particles/SimpleLit' not found
Refreshing native plugins compatible for Editor in 0.85 ms, found 1 plugins.
Preloading 0 native plugins for Editor in 0.00 ms.
Unloading 3102 Unused Serialized files (Serialized files now loaded: 0)
System memory in use before: 145.8 MB.
System memory in use after: 146.0 MB.

Unloading 19 unused Assets to reduce memory usage. Loaded Objects now: 4164.
Total: 13.463300 ms (FindLiveObjects: 0.770100 ms CreateObjectMapping: 2.075400 ms MarkObjects: 10.469900 ms  DeleteObjects: 0.145700 ms)

========================================================================
Received Prepare
Registering precompiled user dll's ...
Registered in 0.011056 seconds.
Begin MonoManager ReloadAssembly
Native extension for WindowsStandalone target not found
Refreshing native plugins compatible for Editor in 0.85 ms, found 1 plugins.
Preloading 0 native plugins for Editor in 0.00 ms.
Mono: successfully reloaded assembly
- Completed reload, in  1.716 seconds
Platform modules already initialized, skipping
Shader 'Universal Render Pipeline/Particles/Lit': fallback shader 'Universal Render Pipeline/Particles/SimpleLit' not found
Refreshing native plugins compatible for Editor in 0.83 ms, found 1 plugins.
Preloading 0 native plugins for Editor in 0.00 ms.
Unloading 3102 Unused Serialized files (Serialized files now loaded: 0)
System memory in use before: 145.8 MB.
System memory in use after: 146.0 MB.

Unloading 19 unused Assets to reduce memory usage. Loaded Objects now: 4168.
Total: 4.253300 ms (FindLiveObjects: 0.399600 ms CreateObjectMapping: 0.163400 ms MarkObjects: 3.584200 ms  DeleteObjects: 0.103500 ms)

========================================================================
Received Prepare
Registering precompiled user dll's ...
Registered in 0.011600 seconds.
Begin MonoManager ReloadAssembly
Native extension for WindowsStandalone target not found
Refreshing native plugins compatible for Editor in 0.91 ms, found 1 plugins.
Preloading 0 native plugins for Editor in 0.00 ms.
Mono: successfully reloaded assembly
- Completed reload, in  1.950 seconds
Platform modules already initialized, skipping
Shader 'Universal Render Pipeline/Particles/Lit': fallback shader 'Universal Render Pipeline/Particles/SimpleLit' not found
Refreshing native plugins compatible for Editor in 0.84 ms, found 1 plugins.
Preloading 0 native plugins for Editor in 0.00 ms.
Unloading 3102 Unused Serialized files (Serialized files now loaded: 0)
System memory in use before: 145.8 MB.
System memory in use after: 146.0 MB.

Unloading 19 unused Assets to reduce memory usage. Loaded Objects now: 4172.
Total: 4.864700 ms (FindLiveObjects: 0.405400 ms CreateObjectMapping: 0.231700 ms MarkObjects: 4.082500 ms  DeleteObjects: 0.143200 ms)

========================================================================
Received Prepare
Registering precompiled user dll's ...
Registered in 0.012896 seconds.
Begin MonoManager ReloadAssembly
Native extension for WindowsStandalone target not found
Refreshing native plugins compatible for Editor in 0.85 ms, found 1 plugins.
Preloading 0 native plugins for Editor in 0.00 ms.
Mono: successfully reloaded assembly
- Completed reload, in  2.145 seconds
Platform modules already initialized, skipping
Shader 'Universal Render Pipeline/Particles/Lit': fallback shader 'Universal Render Pipeline/Particles/SimpleLit' not found
Refreshing native plugins compatible for Editor in 0.86 ms, found 1 plugins.
Preloading 0 native plugins for Editor in 0.00 ms.
Unloading 3102 Unused Serialized files (Serialized files now loaded: 0)
System memory in use before: 145.8 MB.
System memory in use after: 146.0 MB.

Unloading 19 unused Assets to reduce memory usage. Loaded Objects now: 4176.
Total: 7.534200 ms (FindLiveObjects: 0.570000 ms CreateObjectMapping: 1.487900 ms MarkObjects: 5.376100 ms  DeleteObjects: 0.098500 ms)

========================================================================
Received Prepare
Registering precompiled user dll's ...
Registered in 0.024995 seconds.
Begin MonoManager ReloadAssembly
Native extension for WindowsStandalone target not found
Refreshing native plugins compatible for Editor in 1.04 ms, found 1 plugins.
Preloading 0 native plugins for Editor in 0.00 ms.
Mono: successfully reloaded assembly
- Completed reload, in  1.947 seconds
Platform modules already initialized, skipping
Shader 'Universal Render Pipeline/Particles/Lit': fallback shader 'Universal Render Pipeline/Particles/SimpleLit' not found
Refreshing native plugins compatible for Editor in 0.84 ms, found 1 plugins.
Preloading 0 native plugins for Editor in 0.00 ms.
Unloading 3102 Unused Serialized files (Serialized files now loaded: 0)
System memory in use before: 145.8 MB.
System memory in use after: 146.0 MB.

Unloading 19 unused Assets to reduce memory usage. Loaded Objects now: 4180.
Total: 4.469000 ms (FindLiveObjects: 0.633900 ms CreateObjectMapping: 0.208600 ms MarkObjects: 3.518900 ms  DeleteObjects: 0.105700 ms)

========================================================================
Received Prepare
Registering precompiled user dll's ...
Registered in 0.010123 seconds.
Begin MonoManager ReloadAssembly
Native extension for WindowsStandalone target not found
Refreshing native plugins compatible for Editor in 1.04 ms, found 1 plugins.
Preloading 0 native plugins for Editor in 0.00 ms.
Mono: successfully reloaded assembly
- Completed reload, in  2.081 seconds
Platform modules already initialized, skipping
Shader 'Universal Render Pipeline/Particles/Lit': fallback shader 'Universal Render Pipeline/Particles/SimpleLit' not found
Refreshing native plugins compatible for Editor in 1.26 ms, found 1 plugins.
Preloading 0 native plugins for Editor in 0.00 ms.
Unloading 3102 Unused Serialized files (Serialized files now loaded: 0)
System memory in use before: 145.8 MB.
System memory in use after: 146.0 MB.

Unloading 19 unused Assets to reduce memory usage. Loaded Objects now: 4184.
Total: 5.183700 ms (FindLiveObjects: 0.689200 ms CreateObjectMapping: 0.218700 ms MarkObjects: 4.170700 ms  DeleteObjects: 0.103000 ms)

========================================================================
Received Prepare
Registering precompiled user dll's ...
Registered in 0.010276 seconds.
Begin MonoManager ReloadAssembly
Native extension for WindowsStandalone target not found
Refreshing native plugins compatible for Editor in 1.00 ms, found 1 plugins.
Preloading 0 native plugins for Editor in 0.00 ms.
Mono: successfully reloaded assembly
- Completed reload, in  1.989 seconds
Platform modules already initialized, skipping
Shader 'Universal Render Pipeline/Particles/Lit': fallback shader 'Universal Render Pipeline/Particles/SimpleLit' not found
Refreshing native plugins compatible for Editor in 1.46 ms, found 1 plugins.
Preloading 0 native plugins for Editor in 0.00 ms.
Unloading 3102 Unused Serialized files (Serialized files now loaded: 0)
System memory in use before: 145.8 MB.
System memory in use after: 146.1 MB.

Unloading 19 unused Assets to reduce memory usage. Loaded Objects now: 4188.
Total: 7.082800 ms (FindLiveObjects: 1.095200 ms CreateObjectMapping: 0.462200 ms MarkObjects: 5.377900 ms  DeleteObjects: 0.145400 ms)

========================================================================
Received Prepare
Registering precompiled user dll's ...
Registered in 0.009953 seconds.
Begin MonoManager ReloadAssembly
Native extension for WindowsStandalone target not found
Refreshing native plugins compatible for Editor in 0.84 ms, found 1 plugins.
Preloading 0 native plugins for Editor in 0.00 ms.
Mono: successfully reloaded assembly
- Completed reload, in  2.830 seconds
Platform modules already initialized, skipping
Shader 'Universal Render Pipeline/Particles/Lit': fallback shader 'Universal Render Pipeline/Particles/SimpleLit' not found
Refreshing native plugins compatible for Editor in 0.89 ms, found 1 plugins.
Preloading 0 native plugins for Editor in 0.00 ms.
Unloading 3102 Unused Serialized files (Serialized files now loaded: 0)
System memory in use before: 145.9 MB.
System memory in use after: 146.1 MB.

Unloading 19 unused Assets to reduce memory usage. Loaded Objects now: 4192.
Total: 9.099600 ms (FindLiveObjects: 1.627800 ms CreateObjectMapping: 0.579900 ms MarkObjects: 6.768200 ms  DeleteObjects: 0.121000 ms)

========================================================================
Received Prepare
Registering precompiled user dll's ...
Registered in 0.013852 seconds.
Begin MonoManager ReloadAssembly
Native extension for WindowsStandalone target not found
Refreshing native plugins compatible for Editor in 0.81 ms, found 1 plugins.
Preloading 0 native plugins for Editor in 0.00 ms.
Mono: successfully reloaded assembly
- Completed reload, in  2.063 seconds
Platform modules already initialized, skipping
Shader 'Universal Render Pipeline/Particles/Lit': fallback shader 'Universal Render Pipeline/Particles/SimpleLit' not found
Refreshing native plugins compatible for Editor in 0.99 ms, found 1 plugins.
Preloading 0 native plugins for Editor in 0.00 ms.
Unloading 3102 Unused Serialized files (Serialized files now loaded: 0)
System memory in use before: 145.9 MB.
System memory in use after: 146.1 MB.

Unloading 19 unused Assets to reduce memory usage. Loaded Objects now: 4196.
Total: 6.367100 ms (FindLiveObjects: 0.768200 ms CreateObjectMapping: 0.189300 ms MarkObjects: 4.737200 ms  DeleteObjects: 0.669900 ms)

========================================================================
Received Prepare
Registering precompiled user dll's ...
Registered in 0.011508 seconds.
Begin MonoManager ReloadAssembly
Native extension for WindowsStandalone target not found
Refreshing native plugins compatible for Editor in 1.03 ms, found 1 plugins.
Preloading 0 native plugins for Editor in 0.00 ms.
Mono: successfully reloaded assembly
- Completed reload, in  1.952 seconds
Platform modules already initialized, skipping
Shader 'Universal Render Pipeline/Particles/Lit': fallback shader 'Universal Render Pipeline/Particles/SimpleLit' not found
Refreshing native plugins compatible for Editor in 0.88 ms, found 1 plugins.
Preloading 0 native plugins for Editor in 0.00 ms.
Unloading 3102 Unused Serialized files (Serialized files now loaded: 0)
System memory in use before: 145.9 MB.
System memory in use after: 146.1 MB.

Unloading 19 unused Assets to reduce memory usage. Loaded Objects now: 4200.
Total: 5.382100 ms (FindLiveObjects: 0.782400 ms CreateObjectMapping: 0.215600 ms MarkObjects: 3.679300 ms  DeleteObjects: 0.702900 ms)

========================================================================
Received Prepare
Registering precompiled user dll's ...
Registered in 0.014610 seconds.
Begin MonoManager ReloadAssembly
Native extension for WindowsStandalone target not found
Refreshing native plugins compatible for Editor in 1.25 ms, found 1 plugins.
Preloading 0 native plugins for Editor in 0.00 ms.
Mono: successfully reloaded assembly
- Completed reload, in  2.202 seconds
Platform modules already initialized, skipping
Shader 'Universal Render Pipeline/Particles/Lit': fallback shader 'Universal Render Pipeline/Particles/SimpleLit' not found
Refreshing native plugins compatible for Editor in 1.52 ms, found 1 plugins.
Preloading 0 native plugins for Editor in 0.00 ms.
Unloading 3102 Unused Serialized files (Serialized files now loaded: 0)
System memory in use before: 145.9 MB.
System memory in use after: 146.1 MB.

Unloading 19 unused Assets to reduce memory usage. Loaded Objects now: 4204.
Total: 5.095500 ms (FindLiveObjects: 0.515600 ms CreateObjectMapping: 0.263200 ms MarkObjects: 3.557500 ms  DeleteObjects: 0.757300 ms)

========================================================================
Received Prepare
Registering precompiled user dll's ...
Registered in 0.019038 seconds.
Begin MonoManager ReloadAssembly
Native extension for WindowsStandalone target not found
Refreshing native plugins compatible for Editor in 1.76 ms, found 1 plugins.
Preloading 0 native plugins for Editor in 0.00 ms.
Mono: successfully reloaded assembly
- Completed reload, in  3.769 seconds
Platform modules already initialized, skipping
Shader 'Universal Render Pipeline/Particles/Lit': fallback shader 'Universal Render Pipeline/Particles/SimpleLit' not found
Refreshing native plugins compatible for Editor in 0.84 ms, found 1 plugins.
Preloading 0 native plugins for Editor in 0.00 ms.
Unloading 3102 Unused Serialized files (Serialized files now loaded: 0)
System memory in use before: 145.9 MB.
System memory in use after: 146.1 MB.

Unloading 19 unused Assets to reduce memory usage. Loaded Objects now: 4208.
Total: 25.279500 ms (FindLiveObjects: 2.483000 ms CreateObjectMapping: 0.616300 ms MarkObjects: 20.201800 ms  DeleteObjects: 1.975800 ms)

========================================================================
Received Prepare
Registering precompiled user dll's ...
Registered in 0.009527 seconds.
Begin MonoManager ReloadAssembly
Native extension for WindowsStandalone target not found
Refreshing native plugins compatible for Editor in 1.42 ms, found 1 plugins.
Preloading 0 native plugins for Editor in 0.00 ms.
Mono: successfully reloaded assembly
- Completed reload, in  1.918 seconds
Platform modules already initialized, skipping
Shader 'Universal Render Pipeline/Particles/Lit': fallback shader 'Universal Render Pipeline/Particles/SimpleLit' not found
Refreshing native plugins compatible for Editor in 1.03 ms, found 1 plugins.
Preloading 0 native plugins for Editor in 0.00 ms.
Unloading 3102 Unused Serialized files (Serialized files now loaded: 0)
System memory in use before: 145.9 MB.
System memory in use after: 146.1 MB.

Unloading 19 unused Assets to reduce memory usage. Loaded Objects now: 4212.
Total: 6.245100 ms (FindLiveObjects: 1.560900 ms CreateObjectMapping: 0.448200 ms MarkObjects: 4.125000 ms  DeleteObjects: 0.109300 ms)

========================================================================
Received Prepare
Registering precompiled user dll's ...
Registered in 0.012708 seconds.
Begin MonoManager ReloadAssembly
Native extension for WindowsStandalone target not found
Refreshing native plugins compatible for Editor in 1.11 ms, found 1 plugins.
Preloading 0 native plugins for Editor in 0.00 ms.
Mono: successfully reloaded assembly
- Completed reload, in  2.109 seconds
Platform modules already initialized, skipping
Shader 'Universal Render Pipeline/Particles/Lit': fallback shader 'Universal Render Pipeline/Particles/SimpleLit' not found
Refreshing native plugins compatible for Editor in 1.40 ms, found 1 plugins.
Preloading 0 native plugins for Editor in 0.00 ms.
Unloading 3102 Unused Serialized files (Serialized files now loaded: 0)
System memory in use before: 145.9 MB.
System memory in use after: 146.1 MB.

Unloading 19 unused Assets to reduce memory usage. Loaded Objects now: 4216.
Total: 5.633600 ms (FindLiveObjects: 0.756000 ms CreateObjectMapping: 0.216400 ms MarkObjects: 4.510100 ms  DeleteObjects: 0.148700 ms)

========================================================================
Received Prepare
Registering precompiled user dll's ...
Registered in 0.011519 seconds.
Begin MonoManager ReloadAssembly
Native extension for WindowsStandalone target not found
Refreshing native plugins compatible for Editor in 1.14 ms, found 1 plugins.
Preloading 0 native plugins for Editor in 0.00 ms.
Mono: successfully reloaded assembly
- Completed reload, in  1.892 seconds
Platform modules already initialized, skipping
Shader 'Universal Render Pipeline/Particles/Lit': fallback shader 'Universal Render Pipeline/Particles/SimpleLit' not found
Refreshing native plugins compatible for Editor in 0.83 ms, found 1 plugins.
Preloading 0 native plugins for Editor in 0.00 ms.
Unloading 3102 Unused Serialized files (Serialized files now loaded: 0)
System memory in use before: 145.9 MB.
System memory in use after: 146.1 MB.

Unloading 19 unused Assets to reduce memory usage. Loaded Objects now: 4220.
Total: 4.342900 ms (FindLiveObjects: 0.425300 ms CreateObjectMapping: 0.173100 ms MarkObjects: 3.632400 ms  DeleteObjects: 0.110200 ms)

========================================================================
Received Import Request.
  Time since last request: 3793.153837 seconds.
  path: Assets/Prefabs/Zombie.prefab
  artifactKey: Guid(739af4e2322a546429c56dc0220974cc) Importer(815301076,1909f56bfc062723c751e8b465ee728b)
Start importing Assets/Prefabs/Zombie.prefab using Guid(739af4e2322a546429c56dc0220974cc) Importer(815301076,1909f56bfc062723c751e8b465ee728b)  -> (artifact id: 'd695cb90ec2fa395b324e21d3923a686') in 0.445933 seconds
  Import took 0.459091 seconds .

========================================================================
Received Import Request.
  Time since last request: 13.629537 seconds.
  path: Assets/Prefabs/Zombie.prefab
  artifactKey: Guid(739af4e2322a546429c56dc0220974cc) Importer(815301076,1909f56bfc062723c751e8b465ee728b)
Start importing Assets/Prefabs/Zombie.prefab using Guid(739af4e2322a546429c56dc0220974cc) Importer(815301076,1909f56bfc062723c751e8b465ee728b)  -> (artifact id: '0483ff9da6f0fc2cef31f43a2afe09a1') in 0.086691 seconds
  Import took 0.104549 seconds .

========================================================================
Received Import Request.
  Time since last request: 25.404038 seconds.
  path: Assets/Prefabs/Zombie.prefab
  artifactKey: Guid(739af4e2322a546429c56dc0220974cc) Importer(815301076,1909f56bfc062723c751e8b465ee728b)
Start importing Assets/Prefabs/Zombie.prefab using Guid(739af4e2322a546429c56dc0220974cc) Importer(815301076,1909f56bfc062723c751e8b465ee728b)  -> (artifact id: '9d8815faab332a7e82f71a0e0752121b') in 0.065407 seconds
  Import took 0.080841 seconds .

========================================================================
Received Prepare
Registering precompiled user dll's ...
Registered in 0.024442 seconds.
Begin MonoManager ReloadAssembly
Native extension for WindowsStandalone target not found
Refreshing native plugins compatible for Editor in 1.26 ms, found 1 plugins.
Preloading 0 native plugins for Editor in 0.00 ms.
Mono: successfully reloaded assembly
- Completed reload, in  3.862 seconds
Platform modules already initialized, skipping
Shader 'Universal Render Pipeline/Particles/Lit': fallback shader 'Universal Render Pipeline/Particles/SimpleLit' not found
Refreshing native plugins compatible for Editor in 0.90 ms, found 1 plugins.
Preloading 0 native plugins for Editor in 0.00 ms.
Unloading 3102 Unused Serialized files (Serialized files now loaded: 0)
System memory in use before: 146.0 MB.
System memory in use after: 146.2 MB.

Unloading 19 unused Assets to reduce memory usage. Loaded Objects now: 4260.
Total: 8.764700 ms (FindLiveObjects: 1.189900 ms CreateObjectMapping: 0.207200 ms MarkObjects: 6.775600 ms  DeleteObjects: 0.589300 ms)

========================================================================
Received Import Request.
  Time since last request: 3012.994513 seconds.
  path: Assets/UI-teste.png
  artifactKey: Guid(43c2486efc184a742af3ebae1f4da5ec) Importer(815301076,1909f56bfc062723c751e8b465ee728b)
Start importing Assets/UI-teste.png using Guid(43c2486efc184a742af3ebae1f4da5ec) Importer(815301076,1909f56bfc062723c751e8b465ee728b)  -> (artifact id: '88f837bf1ef7a00fe4685540420074e6') in 0.191353 seconds
  Import took 0.203493 seconds .

========================================================================
Received Import Request.
  Time since last request: 118.504509 seconds.
  path: Assets/UI-teste.png
  artifactKey: Guid(43c2486efc184a742af3ebae1f4da5ec) Importer(815301076,1909f56bfc062723c751e8b465ee728b)
Start importing Assets/UI-teste.png using Guid(43c2486efc184a742af3ebae1f4da5ec) Importer(815301076,1909f56bfc062723c751e8b465ee728b)  -> (artifact id: '26ec9f41018cc1658f20ed23e20c8624') in 0.186462 seconds
  Import took 0.204815 seconds .

========================================================================
Received Prepare
Registering precompiled user dll's ...
Registered in 0.028232 seconds.
Begin MonoManager ReloadAssembly
Native extension for WindowsStandalone target not found
Refreshing native plugins compatible for Editor in 1.00 ms, found 1 plugins.
Preloading 0 native plugins for Editor in 0.00 ms.
Mono: successfully reloaded assembly
- Completed reload, in  2.105 seconds
Platform modules already initialized, skipping
Shader 'Universal Render Pipeline/Particles/Lit': fallback shader 'Universal Render Pipeline/Particles/SimpleLit' not found
Refreshing native plugins compatible for Editor in 0.87 ms, found 1 plugins.
Preloading 0 native plugins for Editor in 0.00 ms.
Unloading 3102 Unused Serialized files (Serialized files now loaded: 0)
System memory in use before: 146.0 MB.
System memory in use after: 146.3 MB.

Unloading 19 unused Assets to reduce memory usage. Loaded Objects now: 4267.
Total: 5.115000 ms (FindLiveObjects: 0.497700 ms CreateObjectMapping: 0.199900 ms MarkObjects: 4.219800 ms  DeleteObjects: 0.195700 ms)

